[2022-09-13T23:41:52.646Z] Validating found git in: git
[2022-09-13T23:41:52.659Z] Using git 1.8.3.1 from git
[2022-09-13T23:45:37.344Z] > git clone git@github.com:JedIV/dataiku-se-materials.git /home/dataiku/workspace/user-resources/dataiku-se-materials --progress [70ms]
[2022-09-13T23:45:37.344Z] Host key verification failed.
fatal: Could not read from remote repository.

Please make sure you have the correct access rights
and the repository exists.
[2022-09-13T23:53:29.484Z] > git init [3ms]
[2022-09-13T23:53:29.496Z] > git rev-parse --git-dir [1ms]
[2022-09-13T23:53:29.502Z] Open repository: /home/dataiku/workspace
[2022-09-13T23:53:29.524Z] > git symbolic-ref --short HEAD [1ms]
[2022-09-13T23:53:29.530Z] > git for-each-ref --format=%(refname)%00%(upstream:short)%00%(objectname) refs/heads/master refs/remotes/master [1ms]
[2022-09-13T23:53:29.540Z] > git remote --verbose [1ms]
[2022-09-13T23:53:29.540Z] > git for-each-ref --sort -committerdate --format %(refname) %(objectname) %(*objectname) [6ms]
[2022-09-13T23:53:29.550Z] > git config --get commit.template [0ms]
[2022-09-13T23:53:29.571Z] > git config --local branch.master.github-pr-owner-number [1ms]
[2022-09-13T23:53:29.622Z] > git add -A -- . [105ms]
[2022-09-13T23:53:29.630Z] > git -c user.useConfigOnly=true commit --quiet --allow-empty-message --file - [2ms]
[2022-09-13T23:53:29.630Z] 
*** Please tell me who you are.

Run

  git config --global user.email "you@example.com"
  git config --global user.name "Your Name"

to set your account's default identity.
Omit --global to set the identity only in this repository.

fatal: empty ident name (for <dataiku@dataiku-kub-kub-62cisbb-tlymzqlm-656db5775d-2wkpc.(none)>) not allowed
[2022-09-13T23:53:29.635Z] > git config --get-all user.name [0ms]
[2022-09-13T23:53:29.761Z] > git config --local branch.master.github-pr-owner-number [4ms]
[2022-09-13T23:53:33.236Z] > git symbolic-ref --short HEAD [0ms]
[2022-09-13T23:53:33.242Z] > git for-each-ref --format=%(refname)%00%(upstream:short)%00%(objectname) refs/heads/master refs/remotes/master [0ms]
[2022-09-13T23:53:33.252Z] > git for-each-ref --sort -committerdate --format %(refname) %(objectname) %(*objectname) [5ms]
[2022-09-13T23:53:33.252Z] > git remote --verbose [1ms]
[2022-09-13T23:53:33.260Z] > git config --get commit.template [0ms]
[2022-09-13T23:53:38.275Z] > git symbolic-ref --short HEAD [1ms]
[2022-09-13T23:53:38.280Z] > git for-each-ref --format=%(refname)%00%(upstream:short)%00%(objectname) refs/heads/master refs/remotes/master [0ms]
[2022-09-13T23:53:38.290Z] > git for-each-ref --sort -committerdate --format %(refname) %(objectname) %(*objectname) [5ms]
[2022-09-13T23:53:38.291Z] > git remote --verbose [1ms]
[2022-09-13T23:53:38.297Z] > git config --get commit.template [0ms]
[2022-09-13T23:53:43.313Z] > git symbolic-ref --short HEAD [1ms]
[2022-09-13T23:53:43.318Z] > git for-each-ref --format=%(refname)%00%(upstream:short)%00%(objectname) refs/heads/master refs/remotes/master [0ms]
[2022-09-13T23:53:43.327Z] > git for-each-ref --sort -committerdate --format %(refname) %(objectname) %(*objectname) [4ms]
[2022-09-13T23:53:43.328Z] > git remote --verbose [1ms]
[2022-09-13T23:53:43.334Z] > git config --get commit.template [0ms]
[2022-09-13T23:53:48.350Z] > git symbolic-ref --short HEAD [0ms]
[2022-09-13T23:53:48.356Z] > git for-each-ref --format=%(refname)%00%(upstream:short)%00%(objectname) refs/heads/master refs/remotes/master [1ms]
[2022-09-13T23:53:48.366Z] > git for-each-ref --sort -committerdate --format %(refname) %(objectname) %(*objectname) [5ms]
[2022-09-13T23:53:48.366Z] > git remote --verbose [1ms]
[2022-09-13T23:53:48.374Z] > git config --get commit.template [1ms]
[2022-09-13T23:53:53.389Z] > git symbolic-ref --short HEAD [1ms]
[2022-09-13T23:53:53.394Z] > git for-each-ref --format=%(refname)%00%(upstream:short)%00%(objectname) refs/heads/master refs/remotes/master [1ms]
[2022-09-13T23:53:53.403Z] > git for-each-ref --sort -committerdate --format %(refname) %(objectname) %(*objectname) [5ms]
[2022-09-13T23:53:53.403Z] > git remote --verbose [1ms]
[2022-09-13T23:53:53.410Z] > git config --get commit.template [0ms]
[2022-09-13T23:53:58.426Z] > git symbolic-ref --short HEAD [1ms]
[2022-09-13T23:53:58.432Z] > git for-each-ref --format=%(refname)%00%(upstream:short)%00%(objectname) refs/heads/master refs/remotes/master [1ms]
[2022-09-13T23:53:58.441Z] > git for-each-ref --sort -committerdate --format %(refname) %(objectname) %(*objectname) [5ms]
[2022-09-13T23:53:58.441Z] > git remote --verbose [0ms]
[2022-09-13T23:53:58.449Z] > git config --get commit.template [1ms]
[2022-09-13T23:54:00.277Z] > git ls-files --stage -- /home/dataiku/workspace/recipes/compute_role_connections.py [1ms]
[2022-09-13T23:54:00.283Z] > git cat-file -s 94b6849d8338d419ca9431be1b1bfafc4f4e93c9 [1ms]
[2022-09-13T23:54:02.185Z] > git ls-files --stage -- /home/dataiku/workspace/recipes/recipe_from_notebook_boto3_clean.py [1ms]
[2022-09-13T23:54:02.193Z] > git cat-file -s 6416fea23ec39df95337450ace56c3c2384efaec [3ms]
[2022-09-13T23:54:03.463Z] > git symbolic-ref --short HEAD [0ms]
[2022-09-13T23:54:03.469Z] > git for-each-ref --format=%(refname)%00%(upstream:short)%00%(objectname) refs/heads/master refs/remotes/master [1ms]
[2022-09-13T23:54:03.479Z] > git for-each-ref --sort -committerdate --format %(refname) %(objectname) %(*objectname) [6ms]
[2022-09-13T23:54:03.479Z] > git remote --verbose [2ms]
[2022-09-13T23:54:03.486Z] > git config --get commit.template [1ms]
[2022-09-13T23:54:04.745Z] > git ls-files --stage -- /home/dataiku/workspace/recipes/recipe_from_notebook_boto3_clean.py [0ms]
[2022-09-13T23:54:04.750Z] > git cat-file -s 6416fea23ec39df95337450ace56c3c2384efaec [0ms]
[2022-09-13T23:54:08.501Z] > git symbolic-ref --short HEAD [1ms]
[2022-09-13T23:54:08.506Z] > git for-each-ref --format=%(refname)%00%(upstream:short)%00%(objectname) refs/heads/master refs/remotes/master [1ms]
[2022-09-13T23:54:08.515Z] > git for-each-ref --sort -committerdate --format %(refname) %(objectname) %(*objectname) [5ms]
[2022-09-13T23:54:08.515Z] > git remote --verbose [1ms]
[2022-09-13T23:54:08.525Z] > git config --get commit.template [1ms]
[2022-09-13T23:54:09.756Z] > git ls-files --stage -- /home/dataiku/workspace/recipes/recipe_from_notebook_boto3_clean.py [0ms]
[2022-09-13T23:54:09.762Z] > git cat-file -s 6416fea23ec39df95337450ace56c3c2384efaec [1ms]
[2022-09-13T23:54:13.541Z] > git symbolic-ref --short HEAD [1ms]
[2022-09-13T23:54:13.546Z] > git for-each-ref --format=%(refname)%00%(upstream:short)%00%(objectname) refs/heads/master refs/remotes/master [1ms]
[2022-09-13T23:54:13.555Z] > git for-each-ref --sort -committerdate --format %(refname) %(objectname) %(*objectname) [4ms]
[2022-09-13T23:54:13.556Z] > git remote --verbose [1ms]
[2022-09-13T23:54:13.562Z] > git config --get commit.template [0ms]
[2022-09-13T23:54:14.810Z] > git ls-files --stage -- /home/dataiku/workspace/recipes/recipe_from_notebook_boto3_clean.py [1ms]
[2022-09-13T23:54:14.816Z] > git cat-file -s 6416fea23ec39df95337450ace56c3c2384efaec [1ms]
[2022-09-13T23:54:18.578Z] > git symbolic-ref --short HEAD [1ms]
[2022-09-13T23:54:18.583Z] > git for-each-ref --format=%(refname)%00%(upstream:short)%00%(objectname) refs/heads/master refs/remotes/master [1ms]
[2022-09-13T23:54:18.593Z] > git for-each-ref --sort -committerdate --format %(refname) %(objectname) %(*objectname) [6ms]
[2022-09-13T23:54:18.593Z] > git remote --verbose [1ms]
[2022-09-13T23:54:18.600Z] > git config --get commit.template [1ms]
[2022-09-13T23:54:19.830Z] > git ls-files --stage -- /home/dataiku/workspace/recipes/recipe_from_notebook_boto3_clean.py [1ms]
[2022-09-13T23:54:19.836Z] > git cat-file -s 6416fea23ec39df95337450ace56c3c2384efaec [1ms]
[2022-09-13T23:54:23.615Z] > git symbolic-ref --short HEAD [1ms]
[2022-09-13T23:54:23.621Z] > git for-each-ref --format=%(refname)%00%(upstream:short)%00%(objectname) refs/heads/master refs/remotes/master [1ms]
[2022-09-13T23:54:23.630Z] > git for-each-ref --sort -committerdate --format %(refname) %(objectname) %(*objectname) [5ms]
[2022-09-13T23:54:23.630Z] > git remote --verbose [1ms]
[2022-09-13T23:54:23.637Z] > git config --get commit.template [1ms]
[2022-09-13T23:54:24.881Z] > git ls-files --stage -- /home/dataiku/workspace/recipes/recipe_from_notebook_boto3_clean.py [1ms]
[2022-09-13T23:54:24.888Z] > git cat-file -s 6416fea23ec39df95337450ace56c3c2384efaec [1ms]
[2022-09-13T23:54:29.267Z] > git symbolic-ref --short HEAD [1ms]
[2022-09-13T23:54:29.272Z] > git for-each-ref --format=%(refname)%00%(upstream:short)%00%(objectname) refs/heads/master refs/remotes/master [0ms]
[2022-09-13T23:54:29.282Z] > git for-each-ref --sort -committerdate --format %(refname) %(objectname) %(*objectname) [6ms]
[2022-09-13T23:54:29.282Z] > git remote --verbose [1ms]
[2022-09-13T23:54:29.288Z] > git config --get commit.template [0ms]
[2022-09-13T23:54:30.520Z] > git ls-files --stage -- /home/dataiku/workspace/recipes/recipe_from_notebook_boto3_clean.py [1ms]
[2022-09-13T23:54:30.526Z] > git cat-file -s 6416fea23ec39df95337450ace56c3c2384efaec [1ms]
[2022-09-13T23:54:34.304Z] > git symbolic-ref --short HEAD [1ms]
[2022-09-13T23:54:34.310Z] > git for-each-ref --format=%(refname)%00%(upstream:short)%00%(objectname) refs/heads/master refs/remotes/master [1ms]
[2022-09-13T23:54:34.320Z] > git for-each-ref --sort -committerdate --format %(refname) %(objectname) %(*objectname) [5ms]
[2022-09-13T23:54:34.320Z] > git remote --verbose [1ms]
[2022-09-13T23:54:34.327Z] > git config --get commit.template [1ms]
[2022-09-13T23:54:35.557Z] > git ls-files --stage -- /home/dataiku/workspace/recipes/recipe_from_notebook_boto3_clean.py [1ms]
[2022-09-13T23:54:35.563Z] > git cat-file -s 6416fea23ec39df95337450ace56c3c2384efaec [1ms]
[2022-09-13T23:54:39.341Z] > git symbolic-ref --short HEAD [1ms]
[2022-09-13T23:54:39.346Z] > git for-each-ref --format=%(refname)%00%(upstream:short)%00%(objectname) refs/heads/master refs/remotes/master [1ms]
[2022-09-13T23:54:39.355Z] > git for-each-ref --sort -committerdate --format %(refname) %(objectname) %(*objectname) [4ms]
[2022-09-13T23:54:39.355Z] > git remote --verbose [0ms]
[2022-09-13T23:54:39.362Z] > git config --get commit.template [0ms]
[2022-09-13T23:54:40.605Z] > git ls-files --stage -- /home/dataiku/workspace/recipes/recipe_from_notebook_boto3_clean.py [1ms]
[2022-09-13T23:54:40.611Z] > git cat-file -s 6416fea23ec39df95337450ace56c3c2384efaec [1ms]
[2022-09-13T23:54:44.377Z] > git symbolic-ref --short HEAD [0ms]
[2022-09-13T23:54:44.383Z] > git for-each-ref --format=%(refname)%00%(upstream:short)%00%(objectname) refs/heads/master refs/remotes/master [1ms]
[2022-09-13T23:54:44.391Z] > git for-each-ref --sort -committerdate --format %(refname) %(objectname) %(*objectname) [4ms]
[2022-09-13T23:54:44.392Z] > git remote --verbose [1ms]
[2022-09-13T23:54:44.398Z] > git config --get commit.template [0ms]
[2022-09-13T23:54:45.626Z] > git ls-files --stage -- /home/dataiku/workspace/recipes/recipe_from_notebook_boto3_clean.py [1ms]
[2022-09-13T23:54:45.632Z] > git cat-file -s 6416fea23ec39df95337450ace56c3c2384efaec [1ms]
[2022-09-13T23:54:49.413Z] > git symbolic-ref --short HEAD [1ms]
[2022-09-13T23:54:49.418Z] > git for-each-ref --format=%(refname)%00%(upstream:short)%00%(objectname) refs/heads/master refs/remotes/master [0ms]
[2022-09-13T23:54:49.427Z] > git for-each-ref --sort -committerdate --format %(refname) %(objectname) %(*objectname) [4ms]
[2022-09-13T23:54:49.428Z] > git remote --verbose [1ms]
[2022-09-13T23:54:49.435Z] > git config --get commit.template [1ms]
[2022-09-13T23:54:50.665Z] > git ls-files --stage -- /home/dataiku/workspace/recipes/recipe_from_notebook_boto3_clean.py [1ms]
[2022-09-13T23:54:50.671Z] > git cat-file -s 6416fea23ec39df95337450ace56c3c2384efaec [1ms]
[2022-09-13T23:54:54.450Z] > git symbolic-ref --short HEAD [1ms]
[2022-09-13T23:54:54.455Z] > git for-each-ref --format=%(refname)%00%(upstream:short)%00%(objectname) refs/heads/master refs/remotes/master [1ms]
[2022-09-13T23:54:54.465Z] > git for-each-ref --sort -committerdate --format %(refname) %(objectname) %(*objectname) [6ms]
[2022-09-13T23:54:54.465Z] > git remote --verbose [1ms]
[2022-09-13T23:54:54.472Z] > git config --get commit.template [1ms]
[2022-09-13T23:54:55.762Z] > git ls-files --stage -- /home/dataiku/workspace/recipes/recipe_from_notebook_boto3_clean.py [1ms]
[2022-09-13T23:54:55.768Z] > git cat-file -s 6416fea23ec39df95337450ace56c3c2384efaec [1ms]
[2022-09-13T23:54:59.487Z] > git symbolic-ref --short HEAD [1ms]
[2022-09-13T23:54:59.493Z] > git for-each-ref --format=%(refname)%00%(upstream:short)%00%(objectname) refs/heads/master refs/remotes/master [0ms]
[2022-09-13T23:54:59.502Z] > git for-each-ref --sort -committerdate --format %(refname) %(objectname) %(*objectname) [5ms]
[2022-09-13T23:54:59.502Z] > git remote --verbose [1ms]
[2022-09-13T23:54:59.508Z] > git config --get commit.template [0ms]
[2022-09-13T23:55:00.735Z] > git ls-files --stage -- /home/dataiku/workspace/recipes/recipe_from_notebook_boto3_clean.py [1ms]
[2022-09-13T23:55:00.741Z] > git cat-file -s 6416fea23ec39df95337450ace56c3c2384efaec [1ms]
[2022-09-13T23:55:04.524Z] > git symbolic-ref --short HEAD [1ms]
[2022-09-13T23:55:04.529Z] > git for-each-ref --format=%(refname)%00%(upstream:short)%00%(objectname) refs/heads/master refs/remotes/master [1ms]
[2022-09-13T23:55:04.539Z] > git for-each-ref --sort -committerdate --format %(refname) %(objectname) %(*objectname) [6ms]
[2022-09-13T23:55:04.540Z] > git remote --verbose [1ms]
[2022-09-13T23:55:04.546Z] > git config --get commit.template [0ms]
[2022-09-13T23:55:05.775Z] > git ls-files --stage -- /home/dataiku/workspace/recipes/recipe_from_notebook_boto3_clean.py [1ms]
[2022-09-13T23:55:05.781Z] > git cat-file -s 6416fea23ec39df95337450ace56c3c2384efaec [1ms]
[2022-09-13T23:55:09.562Z] > git symbolic-ref --short HEAD [1ms]
[2022-09-13T23:55:09.567Z] > git for-each-ref --format=%(refname)%00%(upstream:short)%00%(objectname) refs/heads/master refs/remotes/master [1ms]
[2022-09-13T23:55:09.576Z] > git for-each-ref --sort -committerdate --format %(refname) %(objectname) %(*objectname) [5ms]
[2022-09-13T23:55:09.576Z] > git remote --verbose [1ms]
[2022-09-13T23:55:09.583Z] > git config --get commit.template [1ms]
[2022-09-13T23:55:10.820Z] > git ls-files --stage -- /home/dataiku/workspace/recipes/recipe_from_notebook_boto3_clean.py [1ms]
[2022-09-13T23:55:10.826Z] > git cat-file -s 6416fea23ec39df95337450ace56c3c2384efaec [1ms]
[2022-09-13T23:55:16.287Z] > git symbolic-ref --short HEAD [0ms]
[2022-09-13T23:55:16.293Z] > git for-each-ref --format=%(refname)%00%(upstream:short)%00%(objectname) refs/heads/master refs/remotes/master [1ms]
[2022-09-13T23:55:16.302Z] > git for-each-ref --sort -committerdate --format %(refname) %(objectname) %(*objectname) [5ms]
[2022-09-13T23:55:16.303Z] > git remote --verbose [0ms]
[2022-09-13T23:55:16.311Z] > git config --get commit.template [0ms]
[2022-09-13T23:55:17.557Z] > git ls-files --stage -- /home/dataiku/workspace/recipes/recipe_from_notebook_boto3_clean.py [1ms]
[2022-09-13T23:55:17.563Z] > git cat-file -s 6416fea23ec39df95337450ace56c3c2384efaec [1ms]
[2022-09-13T23:55:21.327Z] > git symbolic-ref --short HEAD [1ms]
[2022-09-13T23:55:21.332Z] > git for-each-ref --format=%(refname)%00%(upstream:short)%00%(objectname) refs/heads/master refs/remotes/master [0ms]
[2022-09-13T23:55:21.341Z] > git for-each-ref --sort -committerdate --format %(refname) %(objectname) %(*objectname) [4ms]
[2022-09-13T23:55:21.342Z] > git remote --verbose [1ms]
[2022-09-13T23:55:21.349Z] > git config --get commit.template [1ms]
[2022-09-13T23:55:22.577Z] > git ls-files --stage -- /home/dataiku/workspace/recipes/recipe_from_notebook_boto3_clean.py [0ms]
[2022-09-13T23:55:22.584Z] > git cat-file -s 6416fea23ec39df95337450ace56c3c2384efaec [1ms]
[2022-09-13T23:55:26.365Z] > git symbolic-ref --short HEAD [1ms]
[2022-09-13T23:55:26.370Z] > git for-each-ref --format=%(refname)%00%(upstream:short)%00%(objectname) refs/heads/master refs/remotes/master [0ms]
[2022-09-13T23:55:26.379Z] > git for-each-ref --sort -committerdate --format %(refname) %(objectname) %(*objectname) [4ms]
[2022-09-13T23:55:26.380Z] > git remote --verbose [1ms]
[2022-09-13T23:55:26.387Z] > git config --get commit.template [1ms]
[2022-09-13T23:55:27.613Z] > git ls-files --stage -- /home/dataiku/workspace/recipes/recipe_from_notebook_boto3_clean.py [1ms]
[2022-09-13T23:55:27.619Z] > git cat-file -s 6416fea23ec39df95337450ace56c3c2384efaec [1ms]
[2022-09-13T23:55:31.403Z] > git symbolic-ref --short HEAD [0ms]
[2022-09-13T23:55:31.408Z] > git for-each-ref --format=%(refname)%00%(upstream:short)%00%(objectname) refs/heads/master refs/remotes/master [1ms]
[2022-09-13T23:55:31.417Z] > git for-each-ref --sort -committerdate --format %(refname) %(objectname) %(*objectname) [5ms]
[2022-09-13T23:55:31.417Z] > git remote --verbose [1ms]
[2022-09-13T23:55:31.424Z] > git config --get commit.template [1ms]
[2022-09-13T23:55:32.713Z] > git ls-files --stage -- /home/dataiku/workspace/recipes/recipe_from_notebook_boto3_clean.py [2ms]
[2022-09-13T23:55:32.720Z] > git cat-file -s 6416fea23ec39df95337450ace56c3c2384efaec [1ms]
[2022-09-13T23:55:36.439Z] > git symbolic-ref --short HEAD [1ms]
[2022-09-13T23:55:36.445Z] > git for-each-ref --format=%(refname)%00%(upstream:short)%00%(objectname) refs/heads/master refs/remotes/master [1ms]
[2022-09-13T23:55:36.454Z] > git for-each-ref --sort -committerdate --format %(refname) %(objectname) %(*objectname) [5ms]
[2022-09-13T23:55:36.454Z] > git remote --verbose [1ms]
[2022-09-13T23:55:36.462Z] > git config --get commit.template [1ms]
[2022-09-13T23:55:37.701Z] > git ls-files --stage -- /home/dataiku/workspace/recipes/recipe_from_notebook_boto3_clean.py [0ms]
[2022-09-13T23:55:37.707Z] > git cat-file -s 6416fea23ec39df95337450ace56c3c2384efaec [1ms]
[2022-09-13T23:55:41.477Z] > git symbolic-ref --short HEAD [1ms]
[2022-09-13T23:55:41.482Z] > git for-each-ref --format=%(refname)%00%(upstream:short)%00%(objectname) refs/heads/master refs/remotes/master [0ms]
[2022-09-13T23:55:41.492Z] > git for-each-ref --sort -committerdate --format %(refname) %(objectname) %(*objectname) [5ms]
[2022-09-13T23:55:41.492Z] > git remote --verbose [1ms]
[2022-09-13T23:55:41.499Z] > git config --get commit.template [0ms]
[2022-09-13T23:55:42.733Z] > git ls-files --stage -- /home/dataiku/workspace/recipes/recipe_from_notebook_boto3_clean.py [1ms]
[2022-09-13T23:55:42.739Z] > git cat-file -s 6416fea23ec39df95337450ace56c3c2384efaec [0ms]
[2022-09-13T23:55:46.516Z] > git symbolic-ref --short HEAD [1ms]
[2022-09-13T23:55:46.521Z] > git for-each-ref --format=%(refname)%00%(upstream:short)%00%(objectname) refs/heads/master refs/remotes/master [1ms]
[2022-09-13T23:55:46.531Z] > git for-each-ref --sort -committerdate --format %(refname) %(objectname) %(*objectname) [5ms]
[2022-09-13T23:55:46.531Z] > git remote --verbose [1ms]
[2022-09-13T23:55:46.539Z] > git config --get commit.template [2ms]
[2022-09-13T23:55:47.778Z] > git ls-files --stage -- /home/dataiku/workspace/recipes/recipe_from_notebook_boto3_clean.py [1ms]
[2022-09-13T23:55:47.784Z] > git cat-file -s 6416fea23ec39df95337450ace56c3c2384efaec [1ms]
[2022-09-13T23:55:51.555Z] > git symbolic-ref --short HEAD [0ms]
[2022-09-13T23:55:51.561Z] > git for-each-ref --format=%(refname)%00%(upstream:short)%00%(objectname) refs/heads/master refs/remotes/master [1ms]
[2022-09-13T23:55:51.572Z] > git for-each-ref --sort -committerdate --format %(refname) %(objectname) %(*objectname) [6ms]
[2022-09-13T23:55:51.572Z] > git remote --verbose [1ms]
[2022-09-13T23:55:51.581Z] > git config --get commit.template [1ms]
[2022-09-13T23:55:52.877Z] > git ls-files --stage -- /home/dataiku/workspace/recipes/recipe_from_notebook_boto3_clean.py [1ms]
[2022-09-13T23:55:52.883Z] > git cat-file -s 6416fea23ec39df95337450ace56c3c2384efaec [1ms]
[2022-09-13T23:55:56.595Z] > git symbolic-ref --short HEAD [0ms]
[2022-09-13T23:55:56.601Z] > git for-each-ref --format=%(refname)%00%(upstream:short)%00%(objectname) refs/heads/master refs/remotes/master [1ms]
[2022-09-13T23:55:56.610Z] > git for-each-ref --sort -committerdate --format %(refname) %(objectname) %(*objectname) [5ms]
[2022-09-13T23:55:56.610Z] > git remote --verbose [1ms]
[2022-09-13T23:55:56.617Z] > git config --get commit.template [1ms]
[2022-09-13T23:55:57.842Z] > git ls-files --stage -- /home/dataiku/workspace/recipes/recipe_from_notebook_boto3_clean.py [1ms]
[2022-09-13T23:55:57.848Z] > git cat-file -s 6416fea23ec39df95337450ace56c3c2384efaec [1ms]
[2022-09-13T23:56:01.632Z] > git symbolic-ref --short HEAD [1ms]
[2022-09-13T23:56:01.637Z] > git for-each-ref --format=%(refname)%00%(upstream:short)%00%(objectname) refs/heads/master refs/remotes/master [0ms]
[2022-09-13T23:56:01.647Z] > git for-each-ref --sort -committerdate --format %(refname) %(objectname) %(*objectname) [5ms]
[2022-09-13T23:56:01.647Z] > git remote --verbose [1ms]
[2022-09-13T23:56:01.654Z] > git config --get commit.template [1ms]
[2022-09-13T23:56:02.907Z] > git ls-files --stage -- /home/dataiku/workspace/recipes/recipe_from_notebook_boto3_clean.py [0ms]
[2022-09-13T23:56:02.913Z] > git cat-file -s 6416fea23ec39df95337450ace56c3c2384efaec [1ms]
[2022-09-13T23:56:06.670Z] > git symbolic-ref --short HEAD [1ms]
[2022-09-13T23:56:06.675Z] > git for-each-ref --format=%(refname)%00%(upstream:short)%00%(objectname) refs/heads/master refs/remotes/master [1ms]
[2022-09-13T23:56:06.685Z] > git for-each-ref --sort -committerdate --format %(refname) %(objectname) %(*objectname) [5ms]
[2022-09-13T23:56:06.685Z] > git remote --verbose [1ms]
[2022-09-13T23:56:06.692Z] > git config --get commit.template [1ms]
[2022-09-13T23:56:07.958Z] > git ls-files --stage -- /home/dataiku/workspace/recipes/recipe_from_notebook_boto3_clean.py [1ms]
[2022-09-13T23:56:07.964Z] > git cat-file -s 6416fea23ec39df95337450ace56c3c2384efaec [1ms]
[2022-09-13T23:56:11.707Z] > git symbolic-ref --short HEAD [1ms]
[2022-09-13T23:56:11.713Z] > git for-each-ref --format=%(refname)%00%(upstream:short)%00%(objectname) refs/heads/master refs/remotes/master [1ms]
[2022-09-13T23:56:11.723Z] > git for-each-ref --sort -committerdate --format %(refname) %(objectname) %(*objectname) [5ms]
[2022-09-13T23:56:11.723Z] > git remote --verbose [1ms]
[2022-09-13T23:56:11.730Z] > git config --get commit.template [0ms]
[2022-09-13T23:56:12.973Z] > git ls-files --stage -- /home/dataiku/workspace/recipes/recipe_from_notebook_boto3_clean.py [1ms]
[2022-09-13T23:56:12.979Z] > git cat-file -s 6416fea23ec39df95337450ace56c3c2384efaec [1ms]
[2022-09-13T23:56:16.747Z] > git symbolic-ref --short HEAD [1ms]
[2022-09-13T23:56:16.752Z] > git for-each-ref --format=%(refname)%00%(upstream:short)%00%(objectname) refs/heads/master refs/remotes/master [1ms]
[2022-09-13T23:56:16.763Z] > git for-each-ref --sort -committerdate --format %(refname) %(objectname) %(*objectname) [6ms]
[2022-09-13T23:56:16.763Z] > git remote --verbose [2ms]
[2022-09-13T23:56:16.771Z] > git config --get commit.template [1ms]
[2022-09-13T23:56:18.058Z] > git ls-files --stage -- /home/dataiku/workspace/recipes/recipe_from_notebook_boto3_clean.py [1ms]
[2022-09-13T23:56:18.064Z] > git cat-file -s 6416fea23ec39df95337450ace56c3c2384efaec [1ms]
[2022-09-13T23:56:21.787Z] > git symbolic-ref --short HEAD [1ms]
[2022-09-13T23:56:21.792Z] > git for-each-ref --format=%(refname)%00%(upstream:short)%00%(objectname) refs/heads/master refs/remotes/master [1ms]
[2022-09-13T23:56:21.802Z] > git for-each-ref --sort -committerdate --format %(refname) %(objectname) %(*objectname) [5ms]
[2022-09-13T23:56:21.802Z] > git remote --verbose [1ms]
[2022-09-13T23:56:21.809Z] > git config --get commit.template [0ms]
[2022-09-13T23:56:23.038Z] > git ls-files --stage -- /home/dataiku/workspace/recipes/recipe_from_notebook_boto3_clean.py [0ms]
[2022-09-13T23:56:23.045Z] > git cat-file -s 6416fea23ec39df95337450ace56c3c2384efaec [1ms]
[2022-09-13T23:56:26.826Z] > git symbolic-ref --short HEAD [1ms]
[2022-09-13T23:56:26.832Z] > git for-each-ref --format=%(refname)%00%(upstream:short)%00%(objectname) refs/heads/master refs/remotes/master [1ms]
[2022-09-13T23:56:26.841Z] > git for-each-ref --sort -committerdate --format %(refname) %(objectname) %(*objectname) [5ms]
[2022-09-13T23:56:26.842Z] > git remote --verbose [1ms]
[2022-09-13T23:56:26.849Z] > git config --get commit.template [0ms]
[2022-09-13T23:56:28.128Z] > git ls-files --stage -- /home/dataiku/workspace/recipes/recipe_from_notebook_boto3_clean.py [1ms]
[2022-09-13T23:56:28.133Z] > git cat-file -s 6416fea23ec39df95337450ace56c3c2384efaec [0ms]
[2022-09-13T23:56:31.866Z] > git symbolic-ref --short HEAD [1ms]
[2022-09-13T23:56:31.872Z] > git for-each-ref --format=%(refname)%00%(upstream:short)%00%(objectname) refs/heads/master refs/remotes/master [1ms]
[2022-09-13T23:56:31.882Z] > git for-each-ref --sort -committerdate --format %(refname) %(objectname) %(*objectname) [5ms]
[2022-09-13T23:56:31.882Z] > git remote --verbose [1ms]
[2022-09-13T23:56:31.889Z] > git config --get commit.template [0ms]
[2022-09-13T23:56:33.172Z] > git ls-files --stage -- /home/dataiku/workspace/recipes/recipe_from_notebook_boto3_clean.py [1ms]
[2022-09-13T23:56:33.178Z] > git cat-file -s 6416fea23ec39df95337450ace56c3c2384efaec [1ms]
[2022-09-13T23:56:36.905Z] > git symbolic-ref --short HEAD [1ms]
[2022-09-13T23:56:36.911Z] > git for-each-ref --format=%(refname)%00%(upstream:short)%00%(objectname) refs/heads/master refs/remotes/master [1ms]
[2022-09-13T23:56:36.922Z] > git for-each-ref --sort -committerdate --format %(refname) %(objectname) %(*objectname) [6ms]
[2022-09-13T23:56:36.922Z] > git remote --verbose [1ms]
[2022-09-13T23:56:36.931Z] > git config --get commit.template [0ms]
[2022-09-13T23:56:38.167Z] > git ls-files --stage -- /home/dataiku/workspace/recipes/recipe_from_notebook_boto3_clean.py [1ms]
[2022-09-13T23:56:38.173Z] > git cat-file -s 6416fea23ec39df95337450ace56c3c2384efaec [0ms]
[2022-09-13T23:56:41.948Z] > git symbolic-ref --short HEAD [1ms]
[2022-09-13T23:56:41.954Z] > git for-each-ref --format=%(refname)%00%(upstream:short)%00%(objectname) refs/heads/master refs/remotes/master [1ms]
[2022-09-13T23:56:41.963Z] > git for-each-ref --sort -committerdate --format %(refname) %(objectname) %(*objectname) [5ms]
[2022-09-13T23:56:41.964Z] > git remote --verbose [1ms]
[2022-09-13T23:56:41.971Z] > git config --get commit.template [1ms]
[2022-09-13T23:56:43.202Z] > git ls-files --stage -- /home/dataiku/workspace/recipes/recipe_from_notebook_boto3_clean.py [1ms]
[2022-09-13T23:56:43.208Z] > git cat-file -s 6416fea23ec39df95337450ace56c3c2384efaec [1ms]
[2022-09-13T23:56:46.987Z] > git symbolic-ref --short HEAD [0ms]
[2022-09-13T23:56:46.994Z] > git for-each-ref --format=%(refname)%00%(upstream:short)%00%(objectname) refs/heads/master refs/remotes/master [1ms]
[2022-09-13T23:56:47.004Z] > git for-each-ref --sort -committerdate --format %(refname) %(objectname) %(*objectname) [6ms]
[2022-09-13T23:56:47.004Z] > git remote --verbose [1ms]
[2022-09-13T23:56:47.011Z] > git config --get commit.template [1ms]
[2022-09-13T23:56:48.248Z] > git ls-files --stage -- /home/dataiku/workspace/recipes/recipe_from_notebook_boto3_clean.py [1ms]
[2022-09-13T23:56:48.254Z] > git cat-file -s 6416fea23ec39df95337450ace56c3c2384efaec [1ms]
[2022-09-13T23:56:50.079Z] > git add -A -- . [122ms]
[2022-09-13T23:56:50.087Z] > git -c user.useConfigOnly=true commit --quiet --allow-empty-message --file - [1ms]
[2022-09-13T23:56:50.087Z] 
*** Please tell me who you are.

Run

  git config --global user.email "you@example.com"
  git config --global user.name "Your Name"

to set your account's default identity.
Omit --global to set the identity only in this repository.

fatal: empty ident name (for <dataiku@dataiku-kub-kub-62cisbb-tlymzqlm-656db5775d-2wkpc.(none)>) not allowed
[2022-09-13T23:56:50.093Z] > git config --get-all user.name [0ms]
[2022-09-13T23:56:51.326Z] > git ls-files --stage -- /home/dataiku/workspace/recipes/recipe_from_notebook_boto3_clean.py [1ms]
[2022-09-13T23:56:51.332Z] > git cat-file -s 6416fea23ec39df95337450ace56c3c2384efaec [1ms]
[2022-09-13T23:56:52.028Z] > git symbolic-ref --short HEAD [1ms]
[2022-09-13T23:56:52.033Z] > git for-each-ref --format=%(refname)%00%(upstream:short)%00%(objectname) refs/heads/master refs/remotes/master [1ms]
[2022-09-13T23:56:52.043Z] > git for-each-ref --sort -committerdate --format %(refname) %(objectname) %(*objectname) [5ms]
[2022-09-13T23:56:52.043Z] > git remote --verbose [1ms]
[2022-09-13T23:56:52.050Z] > git config --get commit.template [1ms]
[2022-09-13T23:56:53.282Z] > git ls-files --stage -- /home/dataiku/workspace/recipes/recipe_from_notebook_boto3_clean.py [1ms]
[2022-09-13T23:56:53.289Z] > git cat-file -s 6416fea23ec39df95337450ace56c3c2384efaec [1ms]
[2022-09-13T23:56:57.066Z] > git symbolic-ref --short HEAD [0ms]
[2022-09-13T23:56:57.072Z] > git for-each-ref --format=%(refname)%00%(upstream:short)%00%(objectname) refs/heads/master refs/remotes/master [1ms]
[2022-09-13T23:56:57.082Z] > git for-each-ref --sort -committerdate --format %(refname) %(objectname) %(*objectname) [5ms]
[2022-09-13T23:56:57.082Z] > git remote --verbose [1ms]
[2022-09-13T23:56:57.089Z] > git config --get commit.template [1ms]
[2022-09-13T23:57:01.230Z] > git ls-files --stage -- /home/dataiku/workspace/recipes/recipe_from_notebook_boto3_clean.py [1ms]
[2022-09-13T23:57:01.237Z] > git cat-file -s 6416fea23ec39df95337450ace56c3c2384efaec [1ms]
[2022-09-13T23:57:02.105Z] > git symbolic-ref --short HEAD [1ms]
[2022-09-13T23:57:02.111Z] > git for-each-ref --format=%(refname)%00%(upstream:short)%00%(objectname) refs/heads/master refs/remotes/master [0ms]
[2022-09-13T23:57:02.122Z] > git for-each-ref --sort -committerdate --format %(refname) %(objectname) %(*objectname) [6ms]
[2022-09-13T23:57:02.122Z] > git remote --verbose [1ms]
[2022-09-13T23:57:02.129Z] > git config --get commit.template [0ms]
[2022-09-13T23:57:03.366Z] > git ls-files --stage -- /home/dataiku/workspace/recipes/recipe_from_notebook_boto3_clean.py [1ms]
[2022-09-13T23:57:03.373Z] > git cat-file -s 6416fea23ec39df95337450ace56c3c2384efaec [1ms]
[2022-09-13T23:57:07.146Z] > git symbolic-ref --short HEAD [0ms]
[2022-09-13T23:57:07.152Z] > git for-each-ref --format=%(refname)%00%(upstream:short)%00%(objectname) refs/heads/master refs/remotes/master [1ms]
[2022-09-13T23:57:07.162Z] > git for-each-ref --sort -committerdate --format %(refname) %(objectname) %(*objectname) [5ms]
[2022-09-13T23:57:07.163Z] > git remote --verbose [1ms]
[2022-09-13T23:57:07.171Z] > git config --get commit.template [2ms]
[2022-09-13T23:57:08.400Z] > git ls-files --stage -- /home/dataiku/workspace/recipes/recipe_from_notebook_boto3_clean.py [1ms]
[2022-09-13T23:57:08.406Z] > git cat-file -s 6416fea23ec39df95337450ace56c3c2384efaec [1ms]
[2022-09-13T23:57:12.187Z] > git symbolic-ref --short HEAD [1ms]
[2022-09-13T23:57:12.193Z] > git for-each-ref --format=%(refname)%00%(upstream:short)%00%(objectname) refs/heads/master refs/remotes/master [1ms]
[2022-09-13T23:57:12.202Z] > git for-each-ref --sort -committerdate --format %(refname) %(objectname) %(*objectname) [5ms]
[2022-09-13T23:57:12.203Z] > git remote --verbose [1ms]
[2022-09-13T23:57:12.211Z] > git config --get commit.template [1ms]
[2022-09-13T23:57:13.486Z] > git ls-files --stage -- /home/dataiku/workspace/recipes/recipe_from_notebook_boto3_clean.py [1ms]
[2022-09-13T23:57:13.492Z] > git cat-file -s 6416fea23ec39df95337450ace56c3c2384efaec [1ms]
[2022-09-13T23:57:17.228Z] > git symbolic-ref --short HEAD [1ms]
[2022-09-13T23:57:17.233Z] > git for-each-ref --format=%(refname)%00%(upstream:short)%00%(objectname) refs/heads/master refs/remotes/master [1ms]
[2022-09-13T23:57:17.243Z] > git for-each-ref --sort -committerdate --format %(refname) %(objectname) %(*objectname) [5ms]
[2022-09-13T23:57:17.243Z] > git remote --verbose [1ms]
[2022-09-13T23:57:17.250Z] > git config --get commit.template [0ms]
[2022-09-13T23:57:18.527Z] > git ls-files --stage -- /home/dataiku/workspace/recipes/recipe_from_notebook_boto3_clean.py [0ms]
[2022-09-13T23:57:18.533Z] > git cat-file -s 6416fea23ec39df95337450ace56c3c2384efaec [1ms]
[2022-09-13T23:57:21.663Z] > git ls-files --stage -- /home/dataiku/workspace/recipes/recipe_from_notebook_boto3_clean.py [1ms]
[2022-09-13T23:57:21.669Z] > git cat-file -s 6416fea23ec39df95337450ace56c3c2384efaec [1ms]
[2022-09-13T23:57:22.266Z] > git symbolic-ref --short HEAD [0ms]
[2022-09-13T23:57:22.272Z] > git for-each-ref --format=%(refname)%00%(upstream:short)%00%(objectname) refs/heads/master refs/remotes/master [1ms]
[2022-09-13T23:57:22.282Z] > git for-each-ref --sort -committerdate --format %(refname) %(objectname) %(*objectname) [5ms]
[2022-09-13T23:57:22.282Z] > git remote --verbose [1ms]
[2022-09-13T23:57:22.294Z] > git config --get commit.template [3ms]
[2022-09-13T23:57:23.536Z] > git ls-files --stage -- /home/dataiku/workspace/recipes/recipe_from_notebook_boto3_clean.py [1ms]
[2022-09-13T23:57:23.542Z] > git cat-file -s 6416fea23ec39df95337450ace56c3c2384efaec [0ms]
[2022-09-13T23:57:27.310Z] > git symbolic-ref --short HEAD [1ms]
[2022-09-13T23:57:27.316Z] > git for-each-ref --format=%(refname)%00%(upstream:short)%00%(objectname) refs/heads/master refs/remotes/master [1ms]
[2022-09-13T23:57:27.327Z] > git for-each-ref --sort -committerdate --format %(refname) %(objectname) %(*objectname) [5ms]
[2022-09-13T23:57:27.327Z] > git remote --verbose [1ms]
[2022-09-13T23:57:27.334Z] > git config --get commit.template [0ms]
[2022-09-13T23:57:28.561Z] > git ls-files --stage -- /home/dataiku/workspace/recipes/recipe_from_notebook_boto3_clean.py [1ms]
[2022-09-13T23:57:28.568Z] > git cat-file -s 6416fea23ec39df95337450ace56c3c2384efaec [1ms]
[2022-09-13T23:57:32.350Z] > git symbolic-ref --short HEAD [1ms]
[2022-09-13T23:57:32.355Z] > git for-each-ref --format=%(refname)%00%(upstream:short)%00%(objectname) refs/heads/master refs/remotes/master [0ms]
[2022-09-13T23:57:32.365Z] > git for-each-ref --sort -committerdate --format %(refname) %(objectname) %(*objectname) [5ms]
[2022-09-13T23:57:32.365Z] > git remote --verbose [1ms]
[2022-09-13T23:57:32.373Z] > git config --get commit.template [1ms]
[2022-09-13T23:57:33.607Z] > git ls-files --stage -- /home/dataiku/workspace/recipes/recipe_from_notebook_boto3_clean.py [1ms]
[2022-09-13T23:57:33.613Z] > git cat-file -s 6416fea23ec39df95337450ace56c3c2384efaec [1ms]
[2022-09-13T23:57:37.388Z] > git symbolic-ref --short HEAD [1ms]
[2022-09-13T23:57:37.393Z] > git for-each-ref --format=%(refname)%00%(upstream:short)%00%(objectname) refs/heads/master refs/remotes/master [0ms]
[2022-09-13T23:57:37.403Z] > git for-each-ref --sort -committerdate --format %(refname) %(objectname) %(*objectname) [5ms]
[2022-09-13T23:57:37.403Z] > git remote --verbose [0ms]
[2022-09-13T23:57:37.411Z] > git config --get commit.template [1ms]
[2022-09-13T23:57:38.646Z] > git ls-files --stage -- /home/dataiku/workspace/recipes/recipe_from_notebook_boto3_clean.py [1ms]
[2022-09-13T23:57:38.652Z] > git cat-file -s 6416fea23ec39df95337450ace56c3c2384efaec [1ms]
[2022-09-13T23:57:42.427Z] > git symbolic-ref --short HEAD [1ms]
[2022-09-13T23:57:42.433Z] > git for-each-ref --format=%(refname)%00%(upstream:short)%00%(objectname) refs/heads/master refs/remotes/master [1ms]
[2022-09-13T23:57:42.443Z] > git for-each-ref --sort -committerdate --format %(refname) %(objectname) %(*objectname) [6ms]
[2022-09-13T23:57:42.444Z] > git remote --verbose [1ms]
[2022-09-13T23:57:42.451Z] > git config --get commit.template [1ms]
[2022-09-13T23:57:43.882Z] > git ls-files --stage -- /home/dataiku/workspace/recipes/recipe_from_notebook_boto3_clean.py [1ms]
[2022-09-13T23:57:43.888Z] > git cat-file -s 6416fea23ec39df95337450ace56c3c2384efaec [1ms]
[2022-09-13T23:57:47.466Z] > git symbolic-ref --short HEAD [0ms]
[2022-09-13T23:57:47.472Z] > git for-each-ref --format=%(refname)%00%(upstream:short)%00%(objectname) refs/heads/master refs/remotes/master [1ms]
[2022-09-13T23:57:47.482Z] > git for-each-ref --sort -committerdate --format %(refname) %(objectname) %(*objectname) [5ms]
[2022-09-13T23:57:47.482Z] > git remote --verbose [1ms]
[2022-09-13T23:57:47.489Z] > git config --get commit.template [0ms]
[2022-09-13T23:57:48.718Z] > git ls-files --stage -- /home/dataiku/workspace/recipes/recipe_from_notebook_boto3_clean.py [1ms]
[2022-09-13T23:57:48.724Z] > git cat-file -s 6416fea23ec39df95337450ace56c3c2384efaec [0ms]
[2022-09-13T23:57:52.506Z] > git symbolic-ref --short HEAD [1ms]
[2022-09-13T23:57:52.512Z] > git for-each-ref --format=%(refname)%00%(upstream:short)%00%(objectname) refs/heads/master refs/remotes/master [1ms]
[2022-09-13T23:57:52.522Z] > git for-each-ref --sort -committerdate --format %(refname) %(objectname) %(*objectname) [6ms]
[2022-09-13T23:57:52.522Z] > git remote --verbose [1ms]
[2022-09-13T23:57:52.530Z] > git config --get commit.template [1ms]
[2022-09-13T23:57:53.840Z] > git ls-files --stage -- /home/dataiku/workspace/recipes/recipe_from_notebook_boto3_clean.py [3ms]
[2022-09-13T23:57:53.846Z] > git cat-file -s 6416fea23ec39df95337450ace56c3c2384efaec [1ms]
[2022-09-13T23:57:57.547Z] > git symbolic-ref --short HEAD [1ms]
[2022-09-13T23:57:57.553Z] > git for-each-ref --format=%(refname)%00%(upstream:short)%00%(objectname) refs/heads/master refs/remotes/master [1ms]
[2022-09-13T23:57:57.564Z] > git for-each-ref --sort -committerdate --format %(refname) %(objectname) %(*objectname) [6ms]
[2022-09-13T23:57:57.564Z] > git remote --verbose [1ms]
[2022-09-13T23:57:57.571Z] > git config --get commit.template [0ms]
[2022-09-13T23:57:58.809Z] > git ls-files --stage -- /home/dataiku/workspace/recipes/recipe_from_notebook_boto3_clean.py [3ms]
[2022-09-13T23:57:58.815Z] > git cat-file -s 6416fea23ec39df95337450ace56c3c2384efaec [1ms]
[2022-09-13T23:58:02.588Z] > git symbolic-ref --short HEAD [1ms]
[2022-09-13T23:58:02.594Z] > git for-each-ref --format=%(refname)%00%(upstream:short)%00%(objectname) refs/heads/master refs/remotes/master [1ms]
[2022-09-13T23:58:02.604Z] > git for-each-ref --sort -committerdate --format %(refname) %(objectname) %(*objectname) [5ms]
[2022-09-13T23:58:02.604Z] > git remote --verbose [1ms]
[2022-09-13T23:58:02.611Z] > git config --get commit.template [1ms]
[2022-09-13T23:58:03.976Z] > git ls-files --stage -- /home/dataiku/workspace/recipes/recipe_from_notebook_boto3_clean.py [1ms]
[2022-09-13T23:58:03.983Z] > git cat-file -s 6416fea23ec39df95337450ace56c3c2384efaec [1ms]
[2022-09-13T23:58:07.627Z] > git symbolic-ref --short HEAD [1ms]
[2022-09-13T23:58:07.636Z] > git for-each-ref --format=%(refname)%00%(upstream:short)%00%(objectname) refs/heads/master refs/remotes/master [3ms]
[2022-09-13T23:58:07.652Z] > git remote --verbose [1ms]
[2022-09-13T23:58:07.652Z] > git for-each-ref --sort -committerdate --format %(refname) %(objectname) %(*objectname) [10ms]
[2022-09-13T23:58:07.664Z] > git config --get commit.template [1ms]
[2022-09-13T23:58:08.938Z] > git ls-files --stage -- /home/dataiku/workspace/recipes/recipe_from_notebook_boto3_clean.py [0ms]
[2022-09-13T23:58:08.945Z] > git cat-file -s 6416fea23ec39df95337450ace56c3c2384efaec [1ms]
[2022-09-14T00:01:50.592Z] > git init [2ms]
[2022-09-14T00:01:51.199Z] > git rev-parse --git-dir [1ms]
[2022-09-14T00:01:51.203Z] Open repository: /home/dataiku/workspace
[2022-09-14T00:01:51.220Z] > git symbolic-ref --short HEAD [3ms]
[2022-09-14T00:01:51.225Z] > git for-each-ref --format=%(refname)%00%(upstream:short)%00%(objectname) refs/heads/master refs/remotes/master [1ms]
[2022-09-14T00:01:51.235Z] > git for-each-ref --sort -committerdate --format %(refname) %(objectname) %(*objectname) [4ms]
[2022-09-14T00:01:51.235Z] > git remote --verbose [1ms]
[2022-09-14T00:01:51.244Z] > git config --get commit.template [0ms]
[2022-09-14T00:01:51.253Z] > git config --local branch.master.github-pr-owner-number [0ms]
[2022-09-14T00:01:51.412Z] > git config --local branch.master.github-pr-owner-number [1ms]
[2022-09-14T00:01:51.637Z] > git ls-files --stage -- /home/dataiku/workspace/recipes/compute_role_connections.py [2ms]
[2022-09-14T00:01:53.579Z] > git symbolic-ref --short HEAD [1ms]
[2022-09-14T00:01:53.585Z] > git for-each-ref --format=%(refname)%00%(upstream:short)%00%(objectname) refs/heads/master refs/remotes/master [1ms]
[2022-09-14T00:01:53.595Z] > git for-each-ref --sort -committerdate --format %(refname) %(objectname) %(*objectname) [5ms]
[2022-09-14T00:01:53.595Z] > git remote --verbose [1ms]
[2022-09-14T00:01:53.602Z] > git config --get commit.template [1ms]
[2022-09-14T00:01:58.618Z] > git symbolic-ref --short HEAD [1ms]
[2022-09-14T00:01:58.624Z] > git for-each-ref --format=%(refname)%00%(upstream:short)%00%(objectname) refs/heads/master refs/remotes/master [1ms]
[2022-09-14T00:01:58.634Z] > git for-each-ref --sort -committerdate --format %(refname) %(objectname) %(*objectname) [6ms]
[2022-09-14T00:01:58.634Z] > git remote --verbose [1ms]
[2022-09-14T00:01:58.641Z] > git config --get commit.template [1ms]
[2022-09-14T00:02:03.673Z] > git symbolic-ref --short HEAD [1ms]
[2022-09-14T00:02:03.678Z] > git for-each-ref --format=%(refname)%00%(upstream:short)%00%(objectname) refs/heads/master refs/remotes/master [1ms]
[2022-09-14T00:02:03.688Z] > git for-each-ref --sort -committerdate --format %(refname) %(objectname) %(*objectname) [5ms]
[2022-09-14T00:02:03.688Z] > git remote --verbose [1ms]
[2022-09-14T00:02:03.695Z] > git config --get commit.template [0ms]
[2022-09-14T00:02:08.710Z] > git symbolic-ref --short HEAD [1ms]
[2022-09-14T00:02:08.715Z] > git for-each-ref --format=%(refname)%00%(upstream:short)%00%(objectname) refs/heads/master refs/remotes/master [0ms]
[2022-09-14T00:02:08.725Z] > git for-each-ref --sort -committerdate --format %(refname) %(objectname) %(*objectname) [5ms]
[2022-09-14T00:02:08.725Z] > git remote --verbose [1ms]
[2022-09-14T00:02:08.734Z] > git config --get commit.template [1ms]
[2022-09-14T00:02:13.750Z] > git symbolic-ref --short HEAD [0ms]
[2022-09-14T00:02:13.755Z] > git for-each-ref --format=%(refname)%00%(upstream:short)%00%(objectname) refs/heads/master refs/remotes/master [1ms]
[2022-09-14T00:02:13.764Z] > git for-each-ref --sort -committerdate --format %(refname) %(objectname) %(*objectname) [5ms]
[2022-09-14T00:02:13.764Z] > git remote --verbose [1ms]
[2022-09-14T00:02:13.774Z] > git config --get commit.template [1ms]
[2022-09-14T00:02:18.788Z] > git symbolic-ref --short HEAD [0ms]
[2022-09-14T00:02:18.794Z] > git for-each-ref --format=%(refname)%00%(upstream:short)%00%(objectname) refs/heads/master refs/remotes/master [1ms]
[2022-09-14T00:02:18.803Z] > git for-each-ref --sort -committerdate --format %(refname) %(objectname) %(*objectname) [5ms]
[2022-09-14T00:02:18.803Z] > git remote --verbose [0ms]
[2022-09-14T00:02:18.811Z] > git config --get commit.template [1ms]
[2022-09-14T00:02:23.825Z] > git symbolic-ref --short HEAD [0ms]
[2022-09-14T00:02:23.831Z] > git for-each-ref --format=%(refname)%00%(upstream:short)%00%(objectname) refs/heads/master refs/remotes/master [1ms]
[2022-09-14T00:02:23.840Z] > git for-each-ref --sort -committerdate --format %(refname) %(objectname) %(*objectname) [5ms]
[2022-09-14T00:02:23.840Z] > git remote --verbose [0ms]
[2022-09-14T00:02:23.848Z] > git config --get commit.template [1ms]
[2022-09-14T00:02:30.594Z] > git symbolic-ref --short HEAD [0ms]
[2022-09-14T00:02:30.600Z] > git for-each-ref --format=%(refname)%00%(upstream:short)%00%(objectname) refs/heads/master refs/remotes/master [1ms]
[2022-09-14T00:02:30.610Z] > git for-each-ref --sort -committerdate --format %(refname) %(objectname) %(*objectname) [5ms]
[2022-09-14T00:02:30.610Z] > git remote --verbose [1ms]
[2022-09-14T00:02:30.617Z] > git config --get commit.template [1ms]
[2022-09-14T00:02:35.633Z] > git symbolic-ref --short HEAD [1ms]
[2022-09-14T00:02:35.638Z] > git for-each-ref --format=%(refname)%00%(upstream:short)%00%(objectname) refs/heads/master refs/remotes/master [0ms]
[2022-09-14T00:02:35.649Z] > git for-each-ref --sort -committerdate --format %(refname) %(objectname) %(*objectname) [6ms]
[2022-09-14T00:02:35.649Z] > git remote --verbose [2ms]
[2022-09-14T00:02:35.656Z] > git config --get commit.template [1ms]
[2022-09-14T00:02:40.671Z] > git symbolic-ref --short HEAD [1ms]
[2022-09-14T00:02:40.677Z] > git for-each-ref --format=%(refname)%00%(upstream:short)%00%(objectname) refs/heads/master refs/remotes/master [1ms]
[2022-09-14T00:02:40.686Z] > git for-each-ref --sort -committerdate --format %(refname) %(objectname) %(*objectname) [5ms]
[2022-09-14T00:02:40.686Z] > git remote --verbose [1ms]
[2022-09-14T00:02:40.693Z] > git config --get commit.template [1ms]
[2022-09-14T00:02:45.708Z] > git symbolic-ref --short HEAD [1ms]
[2022-09-14T00:02:45.713Z] > git for-each-ref --format=%(refname)%00%(upstream:short)%00%(objectname) refs/heads/master refs/remotes/master [0ms]
[2022-09-14T00:02:45.723Z] > git for-each-ref --sort -committerdate --format %(refname) %(objectname) %(*objectname) [5ms]
[2022-09-14T00:02:45.723Z] > git remote --verbose [1ms]
[2022-09-14T00:02:45.730Z] > git config --get commit.template [1ms]
[2022-09-14T00:02:50.745Z] > git symbolic-ref --short HEAD [1ms]
[2022-09-14T00:02:50.751Z] > git for-each-ref --format=%(refname)%00%(upstream:short)%00%(objectname) refs/heads/master refs/remotes/master [1ms]
[2022-09-14T00:02:50.760Z] > git for-each-ref --sort -committerdate --format %(refname) %(objectname) %(*objectname) [5ms]
[2022-09-14T00:02:50.761Z] > git remote --verbose [1ms]
[2022-09-14T00:02:50.768Z] > git config --get commit.template [0ms]
[2022-09-14T00:02:55.784Z] > git symbolic-ref --short HEAD [1ms]
[2022-09-14T00:02:55.790Z] > git for-each-ref --format=%(refname)%00%(upstream:short)%00%(objectname) refs/heads/master refs/remotes/master [1ms]
[2022-09-14T00:02:55.799Z] > git for-each-ref --sort -committerdate --format %(refname) %(objectname) %(*objectname) [5ms]
[2022-09-14T00:02:55.800Z] > git remote --verbose [1ms]
[2022-09-14T00:02:55.807Z] > git config --get commit.template [1ms]
[2022-09-14T00:03:00.822Z] > git symbolic-ref --short HEAD [1ms]
[2022-09-14T00:03:00.829Z] > git for-each-ref --format=%(refname)%00%(upstream:short)%00%(objectname) refs/heads/master refs/remotes/master [1ms]
[2022-09-14T00:03:00.839Z] > git for-each-ref --sort -committerdate --format %(refname) %(objectname) %(*objectname) [4ms]
[2022-09-14T00:03:00.839Z] > git remote --verbose [1ms]
[2022-09-14T00:03:00.845Z] > git config --get commit.template [0ms]
[2022-09-14T00:03:05.861Z] > git symbolic-ref --short HEAD [0ms]
[2022-09-14T00:03:05.868Z] > git for-each-ref --format=%(refname)%00%(upstream:short)%00%(objectname) refs/heads/master refs/remotes/master [1ms]
[2022-09-14T00:03:05.878Z] > git for-each-ref --sort -committerdate --format %(refname) %(objectname) %(*objectname) [5ms]
[2022-09-14T00:03:05.878Z] > git remote --verbose [1ms]
[2022-09-14T00:03:05.885Z] > git config --get commit.template [0ms]
[2022-09-14T00:03:10.902Z] > git symbolic-ref --short HEAD [1ms]
[2022-09-14T00:03:10.907Z] > git for-each-ref --format=%(refname)%00%(upstream:short)%00%(objectname) refs/heads/master refs/remotes/master [1ms]
[2022-09-14T00:03:10.916Z] > git for-each-ref --sort -committerdate --format %(refname) %(objectname) %(*objectname) [5ms]
[2022-09-14T00:03:10.916Z] > git remote --verbose [1ms]
[2022-09-14T00:03:10.923Z] > git config --get commit.template [1ms]
[2022-09-14T00:03:15.938Z] > git symbolic-ref --short HEAD [1ms]
[2022-09-14T00:03:15.944Z] > git for-each-ref --format=%(refname)%00%(upstream:short)%00%(objectname) refs/heads/master refs/remotes/master [1ms]
[2022-09-14T00:03:15.953Z] > git for-each-ref --sort -committerdate --format %(refname) %(objectname) %(*objectname) [5ms]
[2022-09-14T00:03:15.953Z] > git remote --verbose [0ms]
[2022-09-14T00:03:15.960Z] > git config --get commit.template [1ms]
[2022-09-14T00:03:20.975Z] > git symbolic-ref --short HEAD [1ms]
[2022-09-14T00:03:20.980Z] > git for-each-ref --format=%(refname)%00%(upstream:short)%00%(objectname) refs/heads/master refs/remotes/master [0ms]
[2022-09-14T00:03:20.989Z] > git for-each-ref --sort -committerdate --format %(refname) %(objectname) %(*objectname) [5ms]
[2022-09-14T00:03:20.989Z] > git remote --verbose [0ms]
[2022-09-14T00:03:20.996Z] > git config --get commit.template [1ms]
[2022-09-14T00:03:26.011Z] > git symbolic-ref --short HEAD [1ms]
[2022-09-14T00:03:26.017Z] > git for-each-ref --format=%(refname)%00%(upstream:short)%00%(objectname) refs/heads/master refs/remotes/master [1ms]
[2022-09-14T00:03:26.026Z] > git for-each-ref --sort -committerdate --format %(refname) %(objectname) %(*objectname) [5ms]
[2022-09-14T00:03:26.026Z] > git remote --verbose [0ms]
[2022-09-14T00:03:26.033Z] > git config --get commit.template [0ms]
[2022-09-14T00:03:31.049Z] > git symbolic-ref --short HEAD [0ms]
[2022-09-14T00:03:31.055Z] > git for-each-ref --format=%(refname)%00%(upstream:short)%00%(objectname) refs/heads/master refs/remotes/master [1ms]
[2022-09-14T00:03:31.064Z] > git for-each-ref --sort -committerdate --format %(refname) %(objectname) %(*objectname) [5ms]
[2022-09-14T00:03:31.065Z] > git remote --verbose [1ms]
[2022-09-14T00:03:31.072Z] > git config --get commit.template [1ms]
[2022-09-14T00:03:36.088Z] > git symbolic-ref --short HEAD [0ms]
[2022-09-14T00:03:36.094Z] > git for-each-ref --format=%(refname)%00%(upstream:short)%00%(objectname) refs/heads/master refs/remotes/master [1ms]
[2022-09-14T00:03:36.103Z] > git for-each-ref --sort -committerdate --format %(refname) %(objectname) %(*objectname) [4ms]
[2022-09-14T00:03:36.104Z] > git remote --verbose [1ms]
[2022-09-14T00:03:36.111Z] > git config --get commit.template [1ms]
[2022-09-14T00:03:41.126Z] > git symbolic-ref --short HEAD [1ms]
[2022-09-14T00:03:41.132Z] > git for-each-ref --format=%(refname)%00%(upstream:short)%00%(objectname) refs/heads/master refs/remotes/master [1ms]
[2022-09-14T00:03:41.141Z] > git for-each-ref --sort -committerdate --format %(refname) %(objectname) %(*objectname) [5ms]
[2022-09-14T00:03:41.141Z] > git remote --verbose [0ms]
[2022-09-14T00:03:41.148Z] > git config --get commit.template [1ms]
[2022-09-14T00:03:46.164Z] > git symbolic-ref --short HEAD [1ms]
[2022-09-14T00:03:46.171Z] > git for-each-ref --format=%(refname)%00%(upstream:short)%00%(objectname) refs/heads/master refs/remotes/master [1ms]
[2022-09-14T00:03:46.181Z] > git for-each-ref --sort -committerdate --format %(refname) %(objectname) %(*objectname) [5ms]
[2022-09-14T00:03:46.182Z] > git remote --verbose [1ms]
[2022-09-14T00:03:46.189Z] > git config --get commit.template [1ms]
[2022-09-14T00:04:07.346Z] > git symbolic-ref --short HEAD [1ms]
[2022-09-14T00:04:07.351Z] > git for-each-ref --format=%(refname)%00%(upstream:short)%00%(objectname) refs/heads/master refs/remotes/master [1ms]
[2022-09-14T00:04:07.361Z] > git for-each-ref --sort -committerdate --format %(refname) %(objectname) %(*objectname) [5ms]
[2022-09-14T00:04:07.361Z] > git remote --verbose [1ms]
[2022-09-14T00:04:07.367Z] > git config --get commit.template [0ms]
[2022-09-14T00:04:12.383Z] > git symbolic-ref --short HEAD [1ms]
[2022-09-14T00:04:12.388Z] > git for-each-ref --format=%(refname)%00%(upstream:short)%00%(objectname) refs/heads/master refs/remotes/master [1ms]
[2022-09-14T00:04:12.398Z] > git for-each-ref --sort -committerdate --format %(refname) %(objectname) %(*objectname) [5ms]
[2022-09-14T00:04:12.398Z] > git remote --verbose [1ms]
[2022-09-14T00:04:12.405Z] > git config --get commit.template [1ms]
[2022-09-14T00:04:17.422Z] > git symbolic-ref --short HEAD [1ms]
[2022-09-14T00:04:17.427Z] > git for-each-ref --format=%(refname)%00%(upstream:short)%00%(objectname) refs/heads/master refs/remotes/master [0ms]
[2022-09-14T00:04:17.437Z] > git for-each-ref --sort -committerdate --format %(refname) %(objectname) %(*objectname) [5ms]
[2022-09-14T00:04:17.437Z] > git remote --verbose [0ms]
[2022-09-14T00:04:17.444Z] > git config --get commit.template [1ms]
[2022-09-14T00:04:22.461Z] > git symbolic-ref --short HEAD [1ms]
[2022-09-14T00:04:22.466Z] > git for-each-ref --format=%(refname)%00%(upstream:short)%00%(objectname) refs/heads/master refs/remotes/master [0ms]
[2022-09-14T00:04:22.476Z] > git for-each-ref --sort -committerdate --format %(refname) %(objectname) %(*objectname) [5ms]
[2022-09-14T00:04:22.476Z] > git remote --verbose [1ms]
[2022-09-14T00:04:22.484Z] > git config --get commit.template [1ms]
[2022-09-14T00:04:27.499Z] > git symbolic-ref --short HEAD [0ms]
[2022-09-14T00:04:27.505Z] > git for-each-ref --format=%(refname)%00%(upstream:short)%00%(objectname) refs/heads/master refs/remotes/master [1ms]
[2022-09-14T00:04:27.515Z] > git for-each-ref --sort -committerdate --format %(refname) %(objectname) %(*objectname) [6ms]
[2022-09-14T00:04:27.515Z] > git remote --verbose [1ms]
[2022-09-14T00:04:27.523Z] > git config --get commit.template [1ms]
[2022-09-14T00:04:29.304Z] > git ls-files --stage -- /home/dataiku/workspace/recipes/compute_role_connections.py [1ms]
[2022-09-14T00:04:33.645Z] > git symbolic-ref --short HEAD [1ms]
[2022-09-14T00:04:33.650Z] > git for-each-ref --format=%(refname)%00%(upstream:short)%00%(objectname) refs/heads/master refs/remotes/master [1ms]
[2022-09-14T00:04:33.660Z] > git for-each-ref --sort -committerdate --format %(refname) %(objectname) %(*objectname) [5ms]
[2022-09-14T00:04:33.661Z] > git remote --verbose [1ms]
[2022-09-14T00:04:33.670Z] > git config --get commit.template [1ms]
[2022-09-14T00:04:33.725Z] > git config --local branch.master.github-pr-owner-number [2ms]
[2022-09-14T00:04:38.685Z] > git symbolic-ref --short HEAD [1ms]
[2022-09-14T00:04:38.691Z] > git for-each-ref --format=%(refname)%00%(upstream:short)%00%(objectname) refs/heads/master refs/remotes/master [1ms]
[2022-09-14T00:04:38.701Z] > git for-each-ref --sort -committerdate --format %(refname) %(objectname) %(*objectname) [5ms]
[2022-09-14T00:04:38.701Z] > git remote --verbose [1ms]
[2022-09-14T00:04:38.709Z] > git config --get commit.template [1ms]
[2022-09-14T00:04:43.725Z] > git symbolic-ref --short HEAD [1ms]
[2022-09-14T00:04:43.730Z] > git for-each-ref --format=%(refname)%00%(upstream:short)%00%(objectname) refs/heads/master refs/remotes/master [1ms]
[2022-09-14T00:04:43.740Z] > git for-each-ref --sort -committerdate --format %(refname) %(objectname) %(*objectname) [5ms]
[2022-09-14T00:04:43.741Z] > git remote --verbose [1ms]
[2022-09-14T00:04:43.748Z] > git config --get commit.template [1ms]
[2022-09-14T00:04:48.763Z] > git symbolic-ref --short HEAD [1ms]
[2022-09-14T00:04:48.769Z] > git for-each-ref --format=%(refname)%00%(upstream:short)%00%(objectname) refs/heads/master refs/remotes/master [0ms]
[2022-09-14T00:04:48.778Z] > git for-each-ref --sort -committerdate --format %(refname) %(objectname) %(*objectname) [5ms]
[2022-09-14T00:04:48.778Z] > git remote --verbose [1ms]
[2022-09-14T00:04:48.786Z] > git config --get commit.template [0ms]
[2022-09-14T00:04:53.802Z] > git symbolic-ref --short HEAD [1ms]
[2022-09-14T00:04:53.807Z] > git for-each-ref --format=%(refname)%00%(upstream:short)%00%(objectname) refs/heads/master refs/remotes/master [1ms]
[2022-09-14T00:04:53.817Z] > git for-each-ref --sort -committerdate --format %(refname) %(objectname) %(*objectname) [5ms]
[2022-09-14T00:04:53.817Z] > git remote --verbose [1ms]
[2022-09-14T00:04:53.824Z] > git config --get commit.template [1ms]
[2022-09-14T00:04:58.840Z] > git symbolic-ref --short HEAD [1ms]
[2022-09-14T00:04:58.845Z] > git for-each-ref --format=%(refname)%00%(upstream:short)%00%(objectname) refs/heads/master refs/remotes/master [0ms]
[2022-09-14T00:04:58.856Z] > git for-each-ref --sort -committerdate --format %(refname) %(objectname) %(*objectname) [6ms]
[2022-09-14T00:04:58.856Z] > git remote --verbose [1ms]
[2022-09-14T00:04:58.864Z] > git config --get commit.template [0ms]
[2022-09-14T00:05:03.879Z] > git symbolic-ref --short HEAD [0ms]
[2022-09-14T00:05:03.885Z] > git for-each-ref --format=%(refname)%00%(upstream:short)%00%(objectname) refs/heads/master refs/remotes/master [1ms]
[2022-09-14T00:05:03.894Z] > git for-each-ref --sort -committerdate --format %(refname) %(objectname) %(*objectname) [5ms]
[2022-09-14T00:05:03.894Z] > git remote --verbose [1ms]
[2022-09-14T00:05:03.904Z] > git config --get commit.template [0ms]
[2022-09-14T00:05:08.920Z] > git symbolic-ref --short HEAD [1ms]
[2022-09-14T00:05:08.926Z] > git for-each-ref --format=%(refname)%00%(upstream:short)%00%(objectname) refs/heads/master refs/remotes/master [1ms]
[2022-09-14T00:05:08.935Z] > git for-each-ref --sort -committerdate --format %(refname) %(objectname) %(*objectname) [5ms]
[2022-09-14T00:05:08.936Z] > git remote --verbose [1ms]
[2022-09-14T00:05:08.943Z] > git config --get commit.template [1ms]
[2022-09-14T00:05:13.959Z] > git symbolic-ref --short HEAD [1ms]
[2022-09-14T00:05:13.964Z] > git for-each-ref --format=%(refname)%00%(upstream:short)%00%(objectname) refs/heads/master refs/remotes/master [1ms]
[2022-09-14T00:05:13.974Z] > git for-each-ref --sort -committerdate --format %(refname) %(objectname) %(*objectname) [5ms]
[2022-09-14T00:05:13.974Z] > git remote --verbose [0ms]
[2022-09-14T00:05:13.981Z] > git config --get commit.template [1ms]
[2022-09-14T00:05:18.996Z] > git symbolic-ref --short HEAD [1ms]
[2022-09-14T00:05:19.001Z] > git for-each-ref --format=%(refname)%00%(upstream:short)%00%(objectname) refs/heads/master refs/remotes/master [0ms]
[2022-09-14T00:05:19.011Z] > git for-each-ref --sort -committerdate --format %(refname) %(objectname) %(*objectname) [5ms]
[2022-09-14T00:05:19.011Z] > git remote --verbose [0ms]
[2022-09-14T00:05:19.018Z] > git config --get commit.template [1ms]
[2022-09-14T00:05:54.503Z] > git symbolic-ref --short HEAD [0ms]
[2022-09-14T00:05:54.509Z] > git for-each-ref --format=%(refname)%00%(upstream:short)%00%(objectname) refs/heads/master refs/remotes/master [1ms]
[2022-09-14T00:05:54.519Z] > git for-each-ref --sort -committerdate --format %(refname) %(objectname) %(*objectname) [5ms]
[2022-09-14T00:05:54.519Z] > git remote --verbose [1ms]
[2022-09-14T00:05:54.526Z] > git config --get commit.template [1ms]
[2022-09-14T00:05:59.543Z] > git symbolic-ref --short HEAD [1ms]
[2022-09-14T00:05:59.548Z] > git for-each-ref --format=%(refname)%00%(upstream:short)%00%(objectname) refs/heads/master refs/remotes/master [0ms]
[2022-09-14T00:05:59.557Z] > git for-each-ref --sort -committerdate --format %(refname) %(objectname) %(*objectname) [4ms]
[2022-09-14T00:05:59.558Z] > git remote --verbose [1ms]
[2022-09-14T00:05:59.565Z] > git config --get commit.template [1ms]
[2022-09-14T00:06:04.581Z] > git symbolic-ref --short HEAD [1ms]
[2022-09-14T00:06:04.587Z] > git for-each-ref --format=%(refname)%00%(upstream:short)%00%(objectname) refs/heads/master refs/remotes/master [1ms]
[2022-09-14T00:06:04.597Z] > git for-each-ref --sort -committerdate --format %(refname) %(objectname) %(*objectname) [5ms]
[2022-09-14T00:06:04.597Z] > git remote --verbose [1ms]
[2022-09-14T00:06:04.606Z] > git config --get commit.template [2ms]
[2022-09-14T00:06:18.014Z] > git symbolic-ref --short HEAD [1ms]
[2022-09-14T00:06:18.020Z] > git for-each-ref --format=%(refname)%00%(upstream:short)%00%(objectname) refs/heads/master refs/remotes/master [1ms]
[2022-09-14T00:06:18.031Z] > git for-each-ref --sort -committerdate --format %(refname) %(objectname) %(*objectname) [6ms]
[2022-09-14T00:06:18.031Z] > git remote --verbose [2ms]
[2022-09-14T00:06:18.038Z] > git config --get commit.template [1ms]
[2022-09-14T00:06:23.053Z] > git symbolic-ref --short HEAD [1ms]
[2022-09-14T00:06:23.058Z] > git for-each-ref --format=%(refname)%00%(upstream:short)%00%(objectname) refs/heads/master refs/remotes/master [1ms]
[2022-09-14T00:06:23.067Z] > git for-each-ref --sort -committerdate --format %(refname) %(objectname) %(*objectname) [4ms]
[2022-09-14T00:06:23.068Z] > git remote --verbose [1ms]
[2022-09-14T00:06:23.075Z] > git config --get commit.template [1ms]
[2022-09-14T00:06:26.869Z] > git push [151ms]
[2022-09-14T00:06:26.869Z] warning: push.default is unset; its implicit value is changing in
Git 2.0 from 'matching' to 'simple'. To squelch this message
and maintain the current behavior after the default changes, use:

  git config --global push.default matching

To squelch this message and adopt the new behavior now, use:

  git config --global push.default simple

See 'git help config' and search for 'push.default' for further information.
(the 'simple' mode was introduced in Git 1.7.11. Use the similar mode
'current' instead of 'simple' if you sometimes use older versions of Git)

Warning: Permanently added the ECDSA host key for IP address '140.82.114.4' to the list of known hosts.
Permission denied (publickey).
fatal: Could not read from remote repository.

Please make sure you have the correct access rights
and the repository exists.
[2022-09-14T00:06:28.091Z] > git symbolic-ref --short HEAD [1ms]
[2022-09-14T00:06:28.096Z] > git for-each-ref --format=%(refname)%00%(upstream:short)%00%(objectname) refs/heads/master refs/remotes/master [1ms]
[2022-09-14T00:06:28.107Z] > git for-each-ref --sort -committerdate --format %(refname) %(objectname) %(*objectname) [5ms]
[2022-09-14T00:06:28.107Z] > git remote --verbose [1ms]
[2022-09-14T00:06:28.114Z] > git config --get commit.template [1ms]
[2022-09-14T00:06:33.130Z] > git symbolic-ref --short HEAD [1ms]
[2022-09-14T00:06:33.135Z] > git for-each-ref --format=%(refname)%00%(upstream:short)%00%(objectname) refs/heads/master refs/remotes/master [0ms]
[2022-09-14T00:06:33.145Z] > git for-each-ref --sort -committerdate --format %(refname) %(objectname) %(*objectname) [5ms]
[2022-09-14T00:06:33.146Z] > git remote --verbose [1ms]
[2022-09-14T00:06:33.154Z] > git config --get commit.template [1ms]
[2022-09-14T00:06:38.169Z] > git symbolic-ref --short HEAD [1ms]
[2022-09-14T00:06:38.175Z] > git for-each-ref --format=%(refname)%00%(upstream:short)%00%(objectname) refs/heads/master refs/remotes/master [1ms]
[2022-09-14T00:06:38.186Z] > git for-each-ref --sort -committerdate --format %(refname) %(objectname) %(*objectname) [6ms]
[2022-09-14T00:06:38.186Z] > git remote --verbose [1ms]
[2022-09-14T00:06:38.194Z] > git config --get commit.template [1ms]
[2022-09-14T00:06:43.209Z] > git symbolic-ref --short HEAD [0ms]
[2022-09-14T00:06:43.216Z] > git for-each-ref --format=%(refname)%00%(upstream:short)%00%(objectname) refs/heads/master refs/remotes/master [1ms]
[2022-09-14T00:06:43.225Z] > git for-each-ref --sort -committerdate --format %(refname) %(objectname) %(*objectname) [5ms]
[2022-09-14T00:06:43.226Z] > git remote --verbose [1ms]
[2022-09-14T00:06:43.235Z] > git config --get commit.template [2ms]
[2022-09-14T00:06:48.252Z] > git symbolic-ref --short HEAD [1ms]
[2022-09-14T00:06:48.258Z] > git for-each-ref --format=%(refname)%00%(upstream:short)%00%(objectname) refs/heads/master refs/remotes/master [1ms]
[2022-09-14T00:06:48.268Z] > git for-each-ref --sort -committerdate --format %(refname) %(objectname) %(*objectname) [5ms]
[2022-09-14T00:06:48.268Z] > git remote --verbose [1ms]
[2022-09-14T00:06:48.276Z] > git config --get commit.template [1ms]
[2022-09-14T00:06:53.293Z] > git symbolic-ref --short HEAD [1ms]
[2022-09-14T00:06:53.299Z] > git for-each-ref --format=%(refname)%00%(upstream:short)%00%(objectname) refs/heads/master refs/remotes/master [1ms]
[2022-09-14T00:06:53.310Z] > git for-each-ref --sort -committerdate --format %(refname) %(objectname) %(*objectname) [5ms]
[2022-09-14T00:06:53.311Z] > git remote --verbose [1ms]
[2022-09-14T00:06:53.319Z] > git config --get commit.template [1ms]
[2022-09-14T00:06:58.335Z] > git symbolic-ref --short HEAD [1ms]
[2022-09-14T00:06:58.341Z] > git for-each-ref --format=%(refname)%00%(upstream:short)%00%(objectname) refs/heads/master refs/remotes/master [0ms]
[2022-09-14T00:06:58.351Z] > git for-each-ref --sort -committerdate --format %(refname) %(objectname) %(*objectname) [5ms]
[2022-09-14T00:06:58.352Z] > git remote --verbose [1ms]
[2022-09-14T00:06:58.359Z] > git config --get commit.template [1ms]
[2022-09-14T00:07:03.376Z] > git symbolic-ref --short HEAD [1ms]
[2022-09-14T00:07:03.382Z] > git for-each-ref --format=%(refname)%00%(upstream:short)%00%(objectname) refs/heads/master refs/remotes/master [1ms]
[2022-09-14T00:07:03.391Z] > git for-each-ref --sort -committerdate --format %(refname) %(objectname) %(*objectname) [5ms]
[2022-09-14T00:07:03.392Z] > git remote --verbose [1ms]
[2022-09-14T00:07:03.399Z] > git config --get commit.template [0ms]
[2022-09-14T00:07:08.416Z] > git symbolic-ref --short HEAD [1ms]
[2022-09-14T00:07:08.422Z] > git for-each-ref --format=%(refname)%00%(upstream:short)%00%(objectname) refs/heads/master refs/remotes/master [1ms]
[2022-09-14T00:07:08.433Z] > git for-each-ref --sort -committerdate --format %(refname) %(objectname) %(*objectname) [6ms]
[2022-09-14T00:07:08.434Z] > git remote --verbose [2ms]
[2022-09-14T00:07:08.442Z] > git config --get commit.template [1ms]
[2022-09-14T00:07:13.458Z] > git symbolic-ref --short HEAD [1ms]
[2022-09-14T00:07:13.463Z] > git for-each-ref --format=%(refname)%00%(upstream:short)%00%(objectname) refs/heads/master refs/remotes/master [1ms]
[2022-09-14T00:07:13.473Z] > git for-each-ref --sort -committerdate --format %(refname) %(objectname) %(*objectname) [5ms]
[2022-09-14T00:07:13.474Z] > git remote --verbose [1ms]
[2022-09-14T00:07:13.481Z] > git config --get commit.template [0ms]
[2022-09-14T00:07:18.499Z] > git symbolic-ref --short HEAD [1ms]
[2022-09-14T00:07:18.505Z] > git for-each-ref --format=%(refname)%00%(upstream:short)%00%(objectname) refs/heads/master refs/remotes/master [1ms]
[2022-09-14T00:07:18.514Z] > git for-each-ref --sort -committerdate --format %(refname) %(objectname) %(*objectname) [5ms]
[2022-09-14T00:07:18.515Z] > git remote --verbose [1ms]
[2022-09-14T00:07:18.522Z] > git config --get commit.template [1ms]
[2022-09-14T00:07:23.539Z] > git symbolic-ref --short HEAD [1ms]
[2022-09-14T00:07:23.545Z] > git for-each-ref --format=%(refname)%00%(upstream:short)%00%(objectname) refs/heads/master refs/remotes/master [1ms]
[2022-09-14T00:07:23.555Z] > git for-each-ref --sort -committerdate --format %(refname) %(objectname) %(*objectname) [5ms]
[2022-09-14T00:07:23.555Z] > git remote --verbose [1ms]
[2022-09-14T00:07:23.563Z] > git config --get commit.template [1ms]
[2022-09-14T00:07:28.580Z] > git symbolic-ref --short HEAD [1ms]
[2022-09-14T00:07:28.586Z] > git for-each-ref --format=%(refname)%00%(upstream:short)%00%(objectname) refs/heads/master refs/remotes/master [1ms]
[2022-09-14T00:07:28.598Z] > git for-each-ref --sort -committerdate --format %(refname) %(objectname) %(*objectname) [7ms]
[2022-09-14T00:07:28.598Z] > git remote --verbose [1ms]
[2022-09-14T00:07:28.607Z] > git config --get commit.template [1ms]
[2022-09-14T00:07:33.624Z] > git symbolic-ref --short HEAD [2ms]
[2022-09-14T00:07:33.629Z] > git for-each-ref --format=%(refname)%00%(upstream:short)%00%(objectname) refs/heads/master refs/remotes/master [0ms]
[2022-09-14T00:07:33.639Z] > git for-each-ref --sort -committerdate --format %(refname) %(objectname) %(*objectname) [5ms]
[2022-09-14T00:07:33.640Z] > git remote --verbose [0ms]
[2022-09-14T00:07:33.646Z] > git config --get commit.template [0ms]
[2022-09-14T00:07:38.663Z] > git symbolic-ref --short HEAD [1ms]
[2022-09-14T00:07:38.668Z] > git for-each-ref --format=%(refname)%00%(upstream:short)%00%(objectname) refs/heads/master refs/remotes/master [0ms]
[2022-09-14T00:07:38.678Z] > git remote --verbose [1ms]
[2022-09-14T00:07:38.679Z] > git for-each-ref --sort -committerdate --format %(refname) %(objectname) %(*objectname) [6ms]
[2022-09-14T00:07:38.689Z] > git config --get commit.template [1ms]
[2022-09-14T00:07:43.706Z] > git symbolic-ref --short HEAD [1ms]
[2022-09-14T00:07:43.711Z] > git for-each-ref --format=%(refname)%00%(upstream:short)%00%(objectname) refs/heads/master refs/remotes/master [0ms]
[2022-09-14T00:07:43.722Z] > git for-each-ref --sort -committerdate --format %(refname) %(objectname) %(*objectname) [6ms]
[2022-09-14T00:07:43.722Z] > git remote --verbose [1ms]
[2022-09-14T00:07:43.730Z] > git config --get commit.template [1ms]
[2022-09-14T00:07:49.187Z] > git symbolic-ref --short HEAD [1ms]
[2022-09-14T00:07:49.193Z] > git for-each-ref --format=%(refname)%00%(upstream:short)%00%(objectname) refs/heads/master refs/remotes/master [1ms]
[2022-09-14T00:07:49.203Z] > git for-each-ref --sort -committerdate --format %(refname) %(objectname) %(*objectname) [5ms]
[2022-09-14T00:07:49.203Z] > git remote --verbose [1ms]
[2022-09-14T00:07:49.211Z] > git config --get commit.template [1ms]
[2022-09-14T00:07:54.227Z] > git symbolic-ref --short HEAD [1ms]
[2022-09-14T00:07:54.233Z] > git for-each-ref --format=%(refname)%00%(upstream:short)%00%(objectname) refs/heads/master refs/remotes/master [1ms]
[2022-09-14T00:07:54.243Z] > git for-each-ref --sort -committerdate --format %(refname) %(objectname) %(*objectname) [5ms]
[2022-09-14T00:07:54.243Z] > git remote --verbose [1ms]
[2022-09-14T00:07:54.251Z] > git config --get commit.template [1ms]
[2022-09-14T00:07:59.267Z] > git symbolic-ref --short HEAD [1ms]
[2022-09-14T00:07:59.273Z] > git for-each-ref --format=%(refname)%00%(upstream:short)%00%(objectname) refs/heads/master refs/remotes/master [1ms]
[2022-09-14T00:07:59.283Z] > git for-each-ref --sort -committerdate --format %(refname) %(objectname) %(*objectname) [5ms]
[2022-09-14T00:07:59.284Z] > git remote --verbose [1ms]
[2022-09-14T00:07:59.291Z] > git config --get commit.template [1ms]
[2022-09-14T00:08:04.307Z] > git symbolic-ref --short HEAD [1ms]
[2022-09-14T00:08:04.313Z] > git for-each-ref --format=%(refname)%00%(upstream:short)%00%(objectname) refs/heads/master refs/remotes/master [1ms]
[2022-09-14T00:08:04.322Z] > git for-each-ref --sort -committerdate --format %(refname) %(objectname) %(*objectname) [4ms]
[2022-09-14T00:08:04.323Z] > git remote --verbose [1ms]
[2022-09-14T00:08:04.331Z] > git config --get commit.template [1ms]
[2022-09-14T00:08:09.347Z] > git symbolic-ref --short HEAD [0ms]
[2022-09-14T00:08:09.353Z] > git for-each-ref --format=%(refname)%00%(upstream:short)%00%(objectname) refs/heads/master refs/remotes/master [1ms]
[2022-09-14T00:08:09.364Z] > git for-each-ref --sort -committerdate --format %(refname) %(objectname) %(*objectname) [6ms]
[2022-09-14T00:08:09.364Z] > git remote --verbose [1ms]
[2022-09-14T00:08:09.372Z] > git config --get commit.template [1ms]
[2022-09-14T00:08:14.389Z] > git symbolic-ref --short HEAD [2ms]
[2022-09-14T00:08:14.394Z] > git for-each-ref --format=%(refname)%00%(upstream:short)%00%(objectname) refs/heads/master refs/remotes/master [1ms]
[2022-09-14T00:08:14.404Z] > git for-each-ref --sort -committerdate --format %(refname) %(objectname) %(*objectname) [5ms]
[2022-09-14T00:08:14.404Z] > git remote --verbose [1ms]
[2022-09-14T00:08:14.412Z] > git config --get commit.template [1ms]
[2022-09-14T00:08:19.430Z] > git symbolic-ref --short HEAD [0ms]
[2022-09-14T00:08:19.437Z] > git for-each-ref --format=%(refname)%00%(upstream:short)%00%(objectname) refs/heads/master refs/remotes/master [1ms]
[2022-09-14T00:08:19.448Z] > git for-each-ref --sort -committerdate --format %(refname) %(objectname) %(*objectname) [6ms]
[2022-09-14T00:08:19.448Z] > git remote --verbose [1ms]
[2022-09-14T00:08:19.455Z] > git config --get commit.template [0ms]
[2022-09-14T00:08:24.472Z] > git symbolic-ref --short HEAD [1ms]
[2022-09-14T00:08:24.478Z] > git for-each-ref --format=%(refname)%00%(upstream:short)%00%(objectname) refs/heads/master refs/remotes/master [1ms]
[2022-09-14T00:08:24.489Z] > git for-each-ref --sort -committerdate --format %(refname) %(objectname) %(*objectname) [6ms]
[2022-09-14T00:08:24.489Z] > git remote --verbose [1ms]
[2022-09-14T00:08:24.497Z] > git config --get commit.template [0ms]
[2022-09-14T00:08:29.514Z] > git symbolic-ref --short HEAD [0ms]
[2022-09-14T00:08:29.520Z] > git for-each-ref --format=%(refname)%00%(upstream:short)%00%(objectname) refs/heads/master refs/remotes/master [1ms]
[2022-09-14T00:08:29.530Z] > git for-each-ref --sort -committerdate --format %(refname) %(objectname) %(*objectname) [5ms]
[2022-09-14T00:08:29.531Z] > git remote --verbose [1ms]
[2022-09-14T00:08:29.538Z] > git config --get commit.template [1ms]
[2022-09-14T00:08:34.554Z] > git symbolic-ref --short HEAD [0ms]
[2022-09-14T00:08:34.559Z] > git for-each-ref --format=%(refname)%00%(upstream:short)%00%(objectname) refs/heads/master refs/remotes/master [1ms]
[2022-09-14T00:08:34.568Z] > git for-each-ref --sort -committerdate --format %(refname) %(objectname) %(*objectname) [4ms]
[2022-09-14T00:08:34.569Z] > git remote --verbose [1ms]
[2022-09-14T00:08:34.577Z] > git config --get commit.template [1ms]
[2022-09-14T00:08:39.593Z] > git symbolic-ref --short HEAD [1ms]
[2022-09-14T00:08:39.598Z] > git for-each-ref --format=%(refname)%00%(upstream:short)%00%(objectname) refs/heads/master refs/remotes/master [0ms]
[2022-09-14T00:08:39.608Z] > git for-each-ref --sort -committerdate --format %(refname) %(objectname) %(*objectname) [5ms]
[2022-09-14T00:08:39.608Z] > git remote --verbose [1ms]
[2022-09-14T00:08:39.616Z] > git config --get commit.template [1ms]
[2022-09-14T00:08:40.624Z] > git ls-tree -l HEAD -- /home/dataiku/workspace/code_studio-resources/vscode-extensions/github.vscode-pull-request-github-0.36.2/resources/icons/reactions/thumbs_down.png [6ms]
[2022-09-14T00:08:40.624Z] fatal: Not a valid object name HEAD
[2022-09-14T00:08:40.625Z] > git ls-tree -l HEAD -- /home/dataiku/workspace/code_studio-resources/vscode-extensions/github.vscode-pull-request-github-0.36.2/resources/icons/reactions/thumbs_down.png [2ms]
[2022-09-14T00:08:40.625Z] fatal: Not a valid object name HEAD
[2022-09-14T00:08:43.979Z] > git ls-tree -l HEAD -- /home/dataiku/workspace/project-lib-resources/.dku_changes_lists [1ms]
[2022-09-14T00:08:43.979Z] fatal: Not a valid object name HEAD
[2022-09-14T00:08:44.632Z] > git symbolic-ref --short HEAD [0ms]
[2022-09-14T00:08:44.638Z] > git for-each-ref --format=%(refname)%00%(upstream:short)%00%(objectname) refs/heads/master refs/remotes/master [1ms]
[2022-09-14T00:08:44.648Z] > git for-each-ref --sort -committerdate --format %(refname) %(objectname) %(*objectname) [5ms]
[2022-09-14T00:08:44.648Z] > git remote --verbose [1ms]
[2022-09-14T00:08:44.658Z] > git config --get commit.template [1ms]
[2022-09-14T00:08:44.826Z] > git ls-tree -l HEAD -- /home/dataiku/workspace/project-lib-versioned/external-libraries.json [1ms]
[2022-09-14T00:08:44.826Z] fatal: Not a valid object name HEAD
[2022-09-14T00:08:49.674Z] > git symbolic-ref --short HEAD [1ms]
[2022-09-14T00:08:49.680Z] > git for-each-ref --format=%(refname)%00%(upstream:short)%00%(objectname) refs/heads/master refs/remotes/master [1ms]
[2022-09-14T00:08:49.689Z] > git for-each-ref --sort -committerdate --format %(refname) %(objectname) %(*objectname) [5ms]
[2022-09-14T00:08:49.690Z] > git remote --verbose [1ms]
[2022-09-14T00:08:49.697Z] > git config --get commit.template [1ms]
[2022-09-14T00:08:54.713Z] > git symbolic-ref --short HEAD [1ms]
[2022-09-14T00:08:54.718Z] > git for-each-ref --format=%(refname)%00%(upstream:short)%00%(objectname) refs/heads/master refs/remotes/master [0ms]
[2022-09-14T00:08:54.728Z] > git for-each-ref --sort -committerdate --format %(refname) %(objectname) %(*objectname) [5ms]
[2022-09-14T00:08:54.729Z] > git remote --verbose [2ms]
[2022-09-14T00:08:54.736Z] > git config --get commit.template [1ms]
[2022-09-14T00:08:57.314Z] > git add -A -- . [218ms]
[2022-09-14T00:08:57.323Z] > git -c user.useConfigOnly=true commit --quiet --allow-empty-message --file - [2ms]
[2022-09-14T00:08:57.323Z] 
*** Please tell me who you are.

Run

  git config --global user.email "you@example.com"
  git config --global user.name "Your Name"

to set your account's default identity.
Omit --global to set the identity only in this repository.

fatal: empty ident name (for <dataiku@dataiku-kub-kub-62cisbb-tlymzqlm-656db5775d-2wkpc.(none)>) not allowed
[2022-09-14T00:08:57.329Z] > git config --get-all user.name [1ms]
[2022-09-14T00:08:58.558Z] > git ls-tree -l HEAD -- /home/dataiku/workspace/project-lib-versioned/external-libraries.json [1ms]
[2022-09-14T00:08:58.558Z] fatal: Not a valid object name HEAD
[2022-09-14T00:08:59.752Z] > git symbolic-ref --short HEAD [1ms]
[2022-09-14T00:08:59.757Z] > git for-each-ref --format=%(refname)%00%(upstream:short)%00%(objectname) refs/heads/master refs/remotes/master [1ms]
[2022-09-14T00:08:59.766Z] > git for-each-ref --sort -committerdate --format %(refname) %(objectname) %(*objectname) [5ms]
[2022-09-14T00:08:59.767Z] > git remote --verbose [1ms]
[2022-09-14T00:08:59.774Z] > git config --get commit.template [0ms]
[2022-09-14T00:09:01.008Z] > git ls-files --stage -- /home/dataiku/workspace/project-lib-versioned/external-libraries.json [1ms]
[2022-09-14T00:09:01.014Z] > git cat-file -s f51a96ccd61ee7e21fff67e3ea7a9fcef5fac4fa [0ms]
[2022-09-14T00:09:10.665Z] > git ls-files --stage -- /home/dataiku/workspace/project-lib-versioned/external-libraries.json [6ms]
[2022-09-14T00:09:10.677Z] > git cat-file -s f51a96ccd61ee7e21fff67e3ea7a9fcef5fac4fa [6ms]
[2022-09-14T00:09:10.678Z] > git symbolic-ref --short HEAD [1ms]
[2022-09-14T00:09:10.684Z] > git for-each-ref --format=%(refname)%00%(upstream:short)%00%(objectname) refs/heads/master refs/remotes/master [1ms]
[2022-09-14T00:09:10.696Z] > git for-each-ref --sort -committerdate --format %(refname) %(objectname) %(*objectname) [7ms]
[2022-09-14T00:09:10.697Z] > git remote --verbose [2ms]
[2022-09-14T00:09:10.704Z] > git config --get commit.template [0ms]
[2022-09-14T00:09:12.517Z] > git ls-files --stage -- /home/dataiku/workspace/project-lib-versioned/external-libraries.json [1ms]
[2022-09-14T00:09:12.523Z] > git cat-file -s f51a96ccd61ee7e21fff67e3ea7a9fcef5fac4fa [1ms]
[2022-09-14T00:09:12.556Z] > git ls-files --stage -- /home/dataiku/workspace/project-lib-versioned/external-libraries.json [1ms]
[2022-09-14T00:09:12.562Z] > git cat-file -s f51a96ccd61ee7e21fff67e3ea7a9fcef5fac4fa [0ms]
[2022-09-14T00:09:15.721Z] > git symbolic-ref --short HEAD [1ms]
[2022-09-14T00:09:15.728Z] > git for-each-ref --format=%(refname)%00%(upstream:short)%00%(objectname) refs/heads/master refs/remotes/master [1ms]
[2022-09-14T00:09:15.738Z] > git for-each-ref --sort -committerdate --format %(refname) %(objectname) %(*objectname) [5ms]
[2022-09-14T00:09:15.739Z] > git remote --verbose [1ms]
[2022-09-14T00:09:15.746Z] > git config --get commit.template [1ms]
[2022-09-14T00:09:17.019Z] > git ls-files --stage -- /home/dataiku/workspace/project-lib-versioned/external-libraries.json [1ms]
[2022-09-14T00:09:17.026Z] > git cat-file -s f51a96ccd61ee7e21fff67e3ea7a9fcef5fac4fa [1ms]
[2022-09-14T00:09:20.763Z] > git symbolic-ref --short HEAD [1ms]
[2022-09-14T00:09:20.769Z] > git for-each-ref --format=%(refname)%00%(upstream:short)%00%(objectname) refs/heads/master refs/remotes/master [1ms]
[2022-09-14T00:09:20.779Z] > git for-each-ref --sort -committerdate --format %(refname) %(objectname) %(*objectname) [5ms]
[2022-09-14T00:09:20.779Z] > git remote --verbose [1ms]
[2022-09-14T00:09:20.788Z] > git config --get commit.template [1ms]
[2022-09-14T00:09:22.023Z] > git ls-files --stage -- /home/dataiku/workspace/project-lib-versioned/external-libraries.json [1ms]
[2022-09-14T00:09:22.031Z] > git cat-file -s f51a96ccd61ee7e21fff67e3ea7a9fcef5fac4fa [1ms]
[2022-09-14T00:09:25.805Z] > git symbolic-ref --short HEAD [1ms]
[2022-09-14T00:09:25.811Z] > git for-each-ref --format=%(refname)%00%(upstream:short)%00%(objectname) refs/heads/master refs/remotes/master [1ms]
[2022-09-14T00:09:25.821Z] > git for-each-ref --sort -committerdate --format %(refname) %(objectname) %(*objectname) [5ms]
[2022-09-14T00:09:25.821Z] > git remote --verbose [1ms]
[2022-09-14T00:09:25.829Z] > git config --get commit.template [1ms]
[2022-09-14T00:09:27.103Z] > git ls-files --stage -- /home/dataiku/workspace/project-lib-versioned/external-libraries.json [1ms]
[2022-09-14T00:09:27.109Z] > git cat-file -s f51a96ccd61ee7e21fff67e3ea7a9fcef5fac4fa [1ms]
[2022-09-14T00:09:30.845Z] > git symbolic-ref --short HEAD [1ms]
[2022-09-14T00:09:30.851Z] > git for-each-ref --format=%(refname)%00%(upstream:short)%00%(objectname) refs/heads/master refs/remotes/master [0ms]
[2022-09-14T00:09:30.860Z] > git for-each-ref --sort -committerdate --format %(refname) %(objectname) %(*objectname) [5ms]
[2022-09-14T00:09:30.861Z] > git remote --verbose [1ms]
[2022-09-14T00:09:30.869Z] > git config --get commit.template [1ms]
[2022-09-14T00:09:32.099Z] > git ls-files --stage -- /home/dataiku/workspace/project-lib-versioned/external-libraries.json [1ms]
[2022-09-14T00:09:32.105Z] > git cat-file -s f51a96ccd61ee7e21fff67e3ea7a9fcef5fac4fa [0ms]
[2022-09-14T00:09:35.885Z] > git symbolic-ref --short HEAD [1ms]
[2022-09-14T00:09:35.891Z] > git for-each-ref --format=%(refname)%00%(upstream:short)%00%(objectname) refs/heads/master refs/remotes/master [1ms]
[2022-09-14T00:09:35.901Z] > git for-each-ref --sort -committerdate --format %(refname) %(objectname) %(*objectname) [5ms]
[2022-09-14T00:09:35.901Z] > git remote --verbose [1ms]
[2022-09-14T00:09:35.909Z] > git config --get commit.template [1ms]
[2022-09-14T00:09:37.182Z] > git ls-files --stage -- /home/dataiku/workspace/project-lib-versioned/external-libraries.json [0ms]
[2022-09-14T00:09:37.189Z] > git cat-file -s f51a96ccd61ee7e21fff67e3ea7a9fcef5fac4fa [1ms]
[2022-09-14T00:09:40.924Z] > git symbolic-ref --short HEAD [1ms]
[2022-09-14T00:09:40.930Z] > git for-each-ref --format=%(refname)%00%(upstream:short)%00%(objectname) refs/heads/master refs/remotes/master [1ms]
[2022-09-14T00:09:40.939Z] > git for-each-ref --sort -committerdate --format %(refname) %(objectname) %(*objectname) [5ms]
[2022-09-14T00:09:40.939Z] > git remote --verbose [0ms]
[2022-09-14T00:09:40.947Z] > git config --get commit.template [1ms]
[2022-09-14T00:09:42.194Z] > git ls-files --stage -- /home/dataiku/workspace/project-lib-versioned/external-libraries.json [2ms]
[2022-09-14T00:09:42.200Z] > git cat-file -s f51a96ccd61ee7e21fff67e3ea7a9fcef5fac4fa [1ms]
[2022-09-14T00:09:45.638Z] > git ls-files --stage -- /home/dataiku/workspace/project-lib-versioned/external-libraries.json [0ms]
[2022-09-14T00:09:45.644Z] > git cat-file -s f51a96ccd61ee7e21fff67e3ea7a9fcef5fac4fa [1ms]
[2022-09-14T00:09:45.964Z] > git symbolic-ref --short HEAD [1ms]
[2022-09-14T00:09:45.970Z] > git for-each-ref --format=%(refname)%00%(upstream:short)%00%(objectname) refs/heads/master refs/remotes/master [1ms]
[2022-09-14T00:09:45.980Z] > git for-each-ref --sort -committerdate --format %(refname) %(objectname) %(*objectname) [5ms]
[2022-09-14T00:09:45.980Z] > git remote --verbose [0ms]
[2022-09-14T00:09:45.988Z] > git config --get commit.template [1ms]
[2022-09-14T00:10:50.900Z] > git ls-files --stage -- /home/dataiku/workspace/project-lib-versioned/external-libraries.json [6ms]
[2022-09-14T00:10:50.911Z] > git cat-file -s f51a96ccd61ee7e21fff67e3ea7a9fcef5fac4fa [6ms]
[2022-09-14T00:10:50.911Z] > git symbolic-ref --short HEAD [1ms]
[2022-09-14T00:10:50.916Z] > git for-each-ref --format=%(refname)%00%(upstream:short)%00%(objectname) refs/heads/master refs/remotes/master [0ms]
[2022-09-14T00:10:50.926Z] > git for-each-ref --sort -committerdate --format %(refname) %(objectname) %(*objectname) [5ms]
[2022-09-14T00:10:50.926Z] > git remote --verbose [1ms]
[2022-09-14T00:10:50.934Z] > git config --get commit.template [1ms]
[2022-09-14T00:10:50.947Z] > git ls-files --stage -- /home/dataiku/workspace/project-lib-versioned/external-libraries.json [0ms]
[2022-09-14T00:10:50.958Z] > git cat-file -s f51a96ccd61ee7e21fff67e3ea7a9fcef5fac4fa [6ms]
[2022-09-14T00:10:52.219Z] > git ls-files --stage -- /home/dataiku/workspace/project-lib-versioned/external-libraries.json [0ms]
[2022-09-14T00:10:52.227Z] > git cat-file -s f51a96ccd61ee7e21fff67e3ea7a9fcef5fac4fa [1ms]
[2022-09-14T00:10:55.949Z] > git symbolic-ref --short HEAD [0ms]
[2022-09-14T00:10:55.957Z] > git for-each-ref --format=%(refname)%00%(upstream:short)%00%(objectname) refs/heads/master refs/remotes/master [1ms]
[2022-09-14T00:10:55.968Z] > git for-each-ref --sort -committerdate --format %(refname) %(objectname) %(*objectname) [7ms]
[2022-09-14T00:10:55.969Z] > git remote --verbose [2ms]
[2022-09-14T00:10:55.976Z] > git config --get commit.template [1ms]
[2022-09-14T00:10:57.213Z] > git ls-files --stage -- /home/dataiku/workspace/project-lib-versioned/external-libraries.json [1ms]
[2022-09-14T00:10:57.220Z] > git cat-file -s f51a96ccd61ee7e21fff67e3ea7a9fcef5fac4fa [1ms]
[2022-09-14T00:10:58.931Z] > git ls-files --stage -- /home/dataiku/workspace/recipes/recipe_from_notebook_boto3_clean.py [2ms]
[2022-09-14T00:10:58.937Z] > git cat-file -s 6416fea23ec39df95337450ace56c3c2384efaec [2ms]
[2022-09-14T00:11:00.991Z] > git symbolic-ref --short HEAD [1ms]
[2022-09-14T00:11:00.997Z] > git for-each-ref --format=%(refname)%00%(upstream:short)%00%(objectname) refs/heads/master refs/remotes/master [1ms]
[2022-09-14T00:11:01.006Z] > git for-each-ref --sort -committerdate --format %(refname) %(objectname) %(*objectname) [4ms]
[2022-09-14T00:11:01.007Z] > git remote --verbose [1ms]
[2022-09-14T00:11:01.014Z] > git config --get commit.template [0ms]
[2022-09-14T00:11:02.244Z] > git ls-files --stage -- /home/dataiku/workspace/recipes/recipe_from_notebook_boto3_clean.py [1ms]
[2022-09-14T00:11:02.251Z] > git cat-file -s 6416fea23ec39df95337450ace56c3c2384efaec [1ms]
[2022-09-14T00:11:06.030Z] > git symbolic-ref --short HEAD [0ms]
[2022-09-14T00:11:06.036Z] > git for-each-ref --format=%(refname)%00%(upstream:short)%00%(objectname) refs/heads/master refs/remotes/master [1ms]
[2022-09-14T00:11:06.046Z] > git for-each-ref --sort -committerdate --format %(refname) %(objectname) %(*objectname) [5ms]
[2022-09-14T00:11:06.047Z] > git remote --verbose [1ms]
[2022-09-14T00:11:06.054Z] > git config --get commit.template [1ms]
