[Info  - 23:49:03.929] Reading sessions from keychain...
[Info  - 23:49:03.968] Getting sessions for all scopes...
[Info  - 23:49:04.3] Getting sessions for read:user,repo,user:email...
[Info  - 23:49:04.3] Got 0 sessions for ...
[Info  - 23:49:04.3] Got 0 sessions for read:user,repo,user:email...
[Info  - 23:51:08.0] Getting sessions for repo,workflow...
[Info  - 23:51:08.1] Got 0 sessions for repo,workflow...
[Info  - 23:51:14.140] Logging in for the following scopes: repo workflow
[Info  - 23:52:59.57] Getting token scopes...
[Info  - 23:52:59.182] Getting user info...
[Info  - 23:52:59.314] Got account info!
[Info  - 23:52:59.314] Storing 1 sessions...
[Info  - 23:52:59.424] Reading sessions from keychain...
[Info  - 23:52:59.424] Stored 1 sessions!
[Info  - 23:52:59.424] Login success!
[Trace  - 23:52:59.538] Token acquired from secret storage.
[Info  - 23:52:59.538] Got stored sessions!
[Trace  - 23:52:59.538] Read the following session from the keychain with the following scopes: repo workflow
[Info  - 23:52:59.539] Got 1 verified sessions.
[Info  - 23:52:59.574] Getting sessions for read:user,repo,user:email...
[Info  - 23:52:59.574] Got 0 sessions for read:user,repo,user:email...
